*********************************************************
INPUT:: Simulation Parameters 
*********************************************************
target filename                  : c60.xyz
number of probe                  : 10000
number of iterarions             : 10
number of threads                : 4
seed number                      : 2104
gas buffer                       : He
Target Temperature (K)           : 298
timestep (fs)                    : 10
Skin cell size (Ang)             : 0.01
Equipotential                    : no
Cut short-range interaction      : yes
LJ cutoff (Ang)                  : 12
Apply long-range interaction     : yes
Cut long-range interaction       : yes
Coulomb cutoff (Ang)             : 25
Apply induced-dipole interaction : yes
alpha (Ang^3)                    : 0.204956
*********************************************************
Force Field parameters: 
*********************************************************
Symbol  mass (amu)  epislon (kcal/mol)  sigma(Angstroms) 
C   12.011   0.0309   3.043
N   14.007   0.0309   3.043
H   1.008   0.015   2.38
O   15.999   0.0309   3.043
S   32.06   0.0311   3.5
*********************************************************
MOLECULE:: orientation around the inertia principal axis 
*********************************************************
Inertia matrix a.u. Ang^2: 
{  6010.37  -0.00132121  0.0799572  }
{  -0.00132121  6081.18  -0.052464  }
{  0.0799572  -0.052464  6081.07  }
Rotation matrix applied to molecule: 
{  0.000569685  -0.926335  0.3767  }
{  0.999999  1.13572e-05  -0.00113087  }
{  0.00104329  0.3767  0.926335  }
Molecule radius: 3.57355 Ang 
orientation time of molecule target: 0.00181728 s
target mass: 720.66 amu
gas mass: 4.0026 amu
reduce mass: 3.98049 amu
charge state: 0.999997 e
*********************************************************
Geometric Ellipsoid: 
*********************************************************
maximal distances: 3.52258  3.51188  3.57355  Ang
Initial axis length: 53.5326  53.5219  53.5835  Ang
Ellipsoid axis length: 53.5626  53.5519  53.6135  Ang
ellipsoid calculation time: 0.000113858s
maximal impact parameter: 53.6135 Ang
*********************************************************
Linked-cell: 
Numbers of cells: 729
Nx: 9 Ny: 9 Nz: 9
Filled cells: 1
Empty cells: 728
Average atoms per cell: 60
Maximum atoms per cell: 60
Minimum atoms per cell: 60
Simulation box: 
lx: 108.09 Ang
ly: 108.09 Ang
lz: 108.09 Ang
linked-cell calculation time: 0.00267194 s
*********************************************************
Trajectory calculations 
*********************************************************
Ntraj: 10000
Nfree: 13
Nscatter: 9985
Nlost: 2
omega: 116.227
Ntraj: 10000
Nfree: 20
Nscatter: 9980
Nlost: 0
omega: 116.473
Ntraj: 10000
Nfree: 12
Nscatter: 9987
Nlost: 1
omega: 102.705
Ntraj: 10000
Nfree: 16
Nscatter: 9983
Nlost: 1
omega: 156.109
Ntraj: 10000
Nfree: 5
Nscatter: 9995
Nlost: 0
omega: 152.052
Ntraj: 10000
Nfree: 16
Nscatter: 9983
Nlost: 1
omega: 139.207
Ntraj: 10000
Nfree: 18
Nscatter: 9982
Nlost: 0
omega: 122.189
Ntraj: 10000
Nfree: 17
Nscatter: 9981
Nlost: 2
omega: 132.486
Ntraj: 10000
Nfree: 18
Nscatter: 9980
Nlost: 2
omega: 153.487
Ntraj: 10000
Nfree: 18
Nscatter: 9981
Nlost: 1
omega: 128.629
CCS time: 6.90496 s
*********************************************************
average value of CCS = 131.956 Ang^2
error value of CCS = 5.43404 Ang^2
Total time: 6.91124 s
Program finished...
