The system is: Linux - 6.5.0-21-generic - x86_64
Compiling the CXX compiler identification source file "CMakeCXXCompilerId.cpp" succeeded.
Compiler: /usr/bin/c++ 
Build flags: 
Id flags:  

The output was:
0


Compilation of the CXX compiler identification source "CMakeCXXCompilerId.cpp" produced "a.out"

The CXX compiler identification is GNU, found in "/home/samuel/cces-cepid/massccs/build/CMakeFiles/3.20.0/CompilerIdCXX/a.out"

Detecting CXX compiler ABI info compiled with the following output:
Change Dir: /home/samuel/cces-cepid/massccs/build/CMakeFiles/CMakeTmp

Run Build Command(s):/usr/bin/gmake -f Makefile cmTC_cfddc/fast && /usr/bin/gmake  -f CMakeFiles/cmTC_cfddc.dir/build.make CMakeFiles/cmTC_cfddc.dir/build
gmake[1]: Entering directory '/home/samuel/cces-cepid/massccs/build/CMakeFiles/CMakeTmp'
Building CXX object CMakeFiles/cmTC_cfddc.dir/CMakeCXXCompilerABI.cpp.o
/usr/bin/c++   -v -o CMakeFiles/cmTC_cfddc.dir/CMakeCXXCompilerABI.cpp.o -c /usr/local/share/cmake-3.20/Modules/CMakeCXXCompilerABI.cpp
Using built-in specs.
COLLECT_GCC=/usr/bin/c++
OFFLOAD_TARGET_NAMES=nvptx-none:amdgcn-amdhsa
OFFLOAD_TARGET_DEFAULT=1
Target: x86_64-linux-gnu
Configured with: ../src/configure -v --with-pkgversion='Ubuntu 11.4.0-1ubuntu1~22.04' --with-bugurl=file:///usr/share/doc/gcc-11/README.Bugs --enable-languages=c,ada,c++,go,brig,d,fortran,objc,obj-c++,m2 --prefix=/usr --with-gcc-major-version-only --program-suffix=-11 --program-prefix=x86_64-linux-gnu- --enable-shared --enable-linker-build-id --libexecdir=/usr/lib --without-included-gettext --enable-threads=posix --libdir=/usr/lib --enable-nls --enable-bootstrap --enable-clocale=gnu --enable-libstdcxx-debug --enable-libstdcxx-time=yes --with-default-libstdcxx-abi=new --enable-gnu-unique-object --disable-vtable-verify --enable-plugin --enable-default-pie --with-system-zlib --enable-libphobos-checking=release --with-target-system-zlib=auto --enable-objc-gc=auto --enable-multiarch --disable-werror --enable-cet --with-arch-32=i686 --with-abi=m64 --with-multilib-list=m32,m64,mx32 --enable-multilib --with-tune=generic --enable-offload-targets=nvptx-none=/build/gcc-11-XeT9lY/gcc-11-11.4.0/debian/tmp-nvptx/usr,amdgcn-amdhsa=/build/gcc-11-XeT9lY/gcc-11-11.4.0/debian/tmp-gcn/usr --without-cuda-driver --enable-checking=release --build=x86_64-linux-gnu --host=x86_64-linux-gnu --target=x86_64-linux-gnu --with-build-config=bootstrap-lto-lean --enable-link-serialization=2
Thread model: posix
Supported LTO compression algorithms: zlib zstd
gcc version 11.4.0 (Ubuntu 11.4.0-1ubuntu1~22.04) 
COLLECT_GCC_OPTIONS='-v' '-o' 'CMakeFiles/cmTC_cfddc.dir/CMakeCXXCompilerABI.cpp.o' '-c' '-shared-libgcc' '-mtune=generic' '-march=x86-64' '-dumpdir' 'CMakeFiles/cmTC_cfddc.dir/'
 /usr/lib/gcc/x86_64-linux-gnu/11/cc1plus -quiet -v -imultiarch x86_64-linux-gnu -D_GNU_SOURCE /usr/local/share/cmake-3.20/Modules/CMakeCXXCompilerABI.cpp -quiet -dumpdir CMakeFiles/cmTC_cfddc.dir/ -dumpbase CMakeCXXCompilerABI.cpp.cpp -dumpbase-ext .cpp -mtune=generic -march=x86-64 -version -fasynchronous-unwind-tables -fstack-protector-strong -Wformat -Wformat-security -fstack-clash-protection -fcf-protection -o /tmp/ccYyhGYA.s
GNU C++17 (Ubuntu 11.4.0-1ubuntu1~22.04) version 11.4.0 (x86_64-linux-gnu)
	compiled by GNU C version 11.4.0, GMP version 6.2.1, MPFR version 4.1.0, MPC version 1.2.1, isl version isl-0.24-GMP

GGC heuristics: --param ggc-min-expand=100 --param ggc-min-heapsize=131072
ignoring duplicate directory "/usr/include/x86_64-linux-gnu/c++/11"
ignoring nonexistent directory "/usr/local/include/x86_64-linux-gnu"
ignoring nonexistent directory "/usr/lib/gcc/x86_64-linux-gnu/11/include-fixed"
ignoring nonexistent directory "/usr/lib/gcc/x86_64-linux-gnu/11/../../../../x86_64-linux-gnu/include"
ignoring duplicate directory "/opt/intel/oneapi/ipp/2021.7.0/include"
#include "..." search starts here:
#include <...> search starts here:
 /opt/intel/oneapi/vpl/2023.0.0/include
 /opt/intel/oneapi/tbb/2021.8.0/env/../include
 /opt/intel/oneapi/mpi/2021.8.0//include
 /opt/intel/oneapi/mkl/2023.0.0/include
 /opt/intel/oneapi/ipp/2021.7.0/include
 /opt/intel/oneapi/ippcp/2021.6.3/include
 /opt/intel/oneapi/dpl/2022.0.0/linux/include
 /opt/intel/oneapi/dpcpp-ct/2023.0.0/include
 /opt/intel/oneapi/dnnl/2023.0.0/cpu_dpcpp_gpu_dpcpp/include
 /opt/intel/oneapi/dev-utilities/2021.8.0/include
 /opt/intel/oneapi/dal/2023.0.0/include
 /opt/intel/oneapi/ccl/2021.8.0/include/cpu_gpu_dpcpp
 /opt/intel/oneapi/clck/2021.7.3/include
 /usr/include/c++/11
 /usr/include/x86_64-linux-gnu/c++/11
 /usr/include/c++/11/backward
 /usr/lib/gcc/x86_64-linux-gnu/11/include
 /usr/local/include
 /usr/include/x86_64-linux-gnu
 /usr/include
End of search list.
GNU C++17 (Ubuntu 11.4.0-1ubuntu1~22.04) version 11.4.0 (x86_64-linux-gnu)
	compiled by GNU C version 11.4.0, GMP version 6.2.1, MPFR version 4.1.0, MPC version 1.2.1, isl version isl-0.24-GMP

GGC heuristics: --param ggc-min-expand=100 --param ggc-min-heapsize=131072
Compiler executable checksum: d591828bb4d392ae8b7b160e5bb0b95f
COLLECT_GCC_OPTIONS='-v' '-o' 'CMakeFiles/cmTC_cfddc.dir/CMakeCXXCompilerABI.cpp.o' '-c' '-shared-libgcc' '-mtune=generic' '-march=x86-64' '-dumpdir' 'CMakeFiles/cmTC_cfddc.dir/'
 as -v --64 -o CMakeFiles/cmTC_cfddc.dir/CMakeCXXCompilerABI.cpp.o /tmp/ccYyhGYA.s
GNU assembler version 2.38 (x86_64-linux-gnu) using BFD version (GNU Binutils for Ubuntu) 2.38
COMPILER_PATH=/usr/lib/gcc/x86_64-linux-gnu/11/:/usr/lib/gcc/x86_64-linux-gnu/11/:/usr/lib/gcc/x86_64-linux-gnu/:/usr/lib/gcc/x86_64-linux-gnu/11/:/usr/lib/gcc/x86_64-linux-gnu/
LIBRARY_PATH=/opt/intel/oneapi/vpl/2023.0.0/lib/../lib/:/opt/intel/oneapi/mpi/2021.8.0//libfabric/lib/../lib/:/opt/intel/oneapi/mpi/2021.8.0//lib/../lib/:/opt/intel/oneapi/dnnl/2023.0.0/cpu_dpcpp_gpu_dpcpp/lib/../lib/:/opt/intel/oneapi/compiler/2023.0.0/linux/lib/../lib/:/usr/lib/gcc/x86_64-linux-gnu/11/:/usr/lib/gcc/x86_64-linux-gnu/11/../../../x86_64-linux-gnu/:/usr/lib/gcc/x86_64-linux-gnu/11/../../../../lib/:/lib/x86_64-linux-gnu/:/lib/../lib/:/usr/lib/x86_64-linux-gnu/:/usr/lib/../lib/:/opt/intel/oneapi/vpl/2023.0.0/lib/:/opt/intel/oneapi/tbb/2021.8.0/env/../lib/intel64/gcc4.8/:/opt/intel/oneapi/mpi/2021.8.0//libfabric/lib/:/opt/intel/oneapi/mpi/2021.8.0//lib/release/:/opt/intel/oneapi/mpi/2021.8.0//lib/:/opt/intel/oneapi/mkl/2023.0.0/lib/intel64/:/opt/intel/oneapi/ipp/2021.7.0/lib/intel64/:/opt/intel/oneapi/ippcp/2021.6.3/lib/intel64/:/opt/intel/oneapi/ipp/2021.7.0/lib/intel64/:/opt/intel/oneapi/dnnl/2023.0.0/cpu_dpcpp_gpu_dpcpp/lib/:/opt/intel/oneapi/dal/2023.0.0/lib/intel64/:/opt/intel/oneapi/compiler/2023.0.0/linux/compiler/lib/intel64_lin/:/opt/intel/oneapi/compiler/2023.0.0/linux/lib/:/opt/intel/oneapi/clck/2021.7.3/lib/intel64/:/opt/intel/oneapi/ccl/2021.8.0/lib/cpu_gpu_dpcpp/:/usr/lib/gcc/x86_64-linux-gnu/11/../../../:/lib/:/usr/lib/
COLLECT_GCC_OPTIONS='-v' '-o' 'CMakeFiles/cmTC_cfddc.dir/CMakeCXXCompilerABI.cpp.o' '-c' '-shared-libgcc' '-mtune=generic' '-march=x86-64' '-dumpdir' 'CMakeFiles/cmTC_cfddc.dir/CMakeCXXCompilerABI.cpp.'
Linking CXX executable cmTC_cfddc
/usr/local/bin/cmake -E cmake_link_script CMakeFiles/cmTC_cfddc.dir/link.txt --verbose=1
/usr/bin/c++  -v CMakeFiles/cmTC_cfddc.dir/CMakeCXXCompilerABI.cpp.o -o cmTC_cfddc 
Using built-in specs.
COLLECT_GCC=/usr/bin/c++
COLLECT_LTO_WRAPPER=/usr/lib/gcc/x86_64-linux-gnu/11/lto-wrapper
OFFLOAD_TARGET_NAMES=nvptx-none:amdgcn-amdhsa
OFFLOAD_TARGET_DEFAULT=1
Target: x86_64-linux-gnu
Configured with: ../src/configure -v --with-pkgversion='Ubuntu 11.4.0-1ubuntu1~22.04' --with-bugurl=file:///usr/share/doc/gcc-11/README.Bugs --enable-languages=c,ada,c++,go,brig,d,fortran,objc,obj-c++,m2 --prefix=/usr --with-gcc-major-version-only --program-suffix=-11 --program-prefix=x86_64-linux-gnu- --enable-shared --enable-linker-build-id --libexecdir=/usr/lib --without-included-gettext --enable-threads=posix --libdir=/usr/lib --enable-nls --enable-bootstrap --enable-clocale=gnu --enable-libstdcxx-debug --enable-libstdcxx-time=yes --with-default-libstdcxx-abi=new --enable-gnu-unique-object --disable-vtable-verify --enable-plugin --enable-default-pie --with-system-zlib --enable-libphobos-checking=release --with-target-system-zlib=auto --enable-objc-gc=auto --enable-multiarch --disable-werror --enable-cet --with-arch-32=i686 --with-abi=m64 --with-multilib-list=m32,m64,mx32 --enable-multilib --with-tune=generic --enable-offload-targets=nvptx-none=/build/gcc-11-XeT9lY/gcc-11-11.4.0/debian/tmp-nvptx/usr,amdgcn-amdhsa=/build/gcc-11-XeT9lY/gcc-11-11.4.0/debian/tmp-gcn/usr --without-cuda-driver --enable-checking=release --build=x86_64-linux-gnu --host=x86_64-linux-gnu --target=x86_64-linux-gnu --with-build-config=bootstrap-lto-lean --enable-link-serialization=2
Thread model: posix
Supported LTO compression algorithms: zlib zstd
gcc version 11.4.0 (Ubuntu 11.4.0-1ubuntu1~22.04) 
COMPILER_PATH=/usr/lib/gcc/x86_64-linux-gnu/11/:/usr/lib/gcc/x86_64-linux-gnu/11/:/usr/lib/gcc/x86_64-linux-gnu/:/usr/lib/gcc/x86_64-linux-gnu/11/:/usr/lib/gcc/x86_64-linux-gnu/
LIBRARY_PATH=/opt/intel/oneapi/vpl/2023.0.0/lib/../lib/:/opt/intel/oneapi/mpi/2021.8.0//libfabric/lib/../lib/:/opt/intel/oneapi/mpi/2021.8.0//lib/../lib/:/opt/intel/oneapi/dnnl/2023.0.0/cpu_dpcpp_gpu_dpcpp/lib/../lib/:/opt/intel/oneapi/compiler/2023.0.0/linux/lib/../lib/:/usr/lib/gcc/x86_64-linux-gnu/11/:/usr/lib/gcc/x86_64-linux-gnu/11/../../../x86_64-linux-gnu/:/usr/lib/gcc/x86_64-linux-gnu/11/../../../../lib/:/lib/x86_64-linux-gnu/:/lib/../lib/:/usr/lib/x86_64-linux-gnu/:/usr/lib/../lib/:/opt/intel/oneapi/vpl/2023.0.0/lib/:/opt/intel/oneapi/tbb/2021.8.0/env/../lib/intel64/gcc4.8/:/opt/intel/oneapi/mpi/2021.8.0//libfabric/lib/:/opt/intel/oneapi/mpi/2021.8.0//lib/release/:/opt/intel/oneapi/mpi/2021.8.0//lib/:/opt/intel/oneapi/mkl/2023.0.0/lib/intel64/:/opt/intel/oneapi/ipp/2021.7.0/lib/intel64/:/opt/intel/oneapi/ippcp/2021.6.3/lib/intel64/:/opt/intel/oneapi/ipp/2021.7.0/lib/intel64/:/opt/intel/oneapi/dnnl/2023.0.0/cpu_dpcpp_gpu_dpcpp/lib/:/opt/intel/oneapi/dal/2023.0.0/lib/intel64/:/opt/intel/oneapi/compiler/2023.0.0/linux/compiler/lib/intel64_lin/:/opt/intel/oneapi/compiler/2023.0.0/linux/lib/:/opt/intel/oneapi/clck/2021.7.3/lib/intel64/:/opt/intel/oneapi/ccl/2021.8.0/lib/cpu_gpu_dpcpp/:/usr/lib/gcc/x86_64-linux-gnu/11/../../../:/lib/:/usr/lib/
COLLECT_GCC_OPTIONS='-v' '-o' 'cmTC_cfddc' '-shared-libgcc' '-mtune=generic' '-march=x86-64' '-dumpdir' 'cmTC_cfddc.'
 /usr/lib/gcc/x86_64-linux-gnu/11/collect2 -plugin /usr/lib/gcc/x86_64-linux-gnu/11/liblto_plugin.so -plugin-opt=/usr/lib/gcc/x86_64-linux-gnu/11/lto-wrapper -plugin-opt=-fresolution=/tmp/ccOwaFfz.res -plugin-opt=-pass-through=-lgcc_s -plugin-opt=-pass-through=-lgcc -plugin-opt=-pass-through=-lc -plugin-opt=-pass-through=-lgcc_s -plugin-opt=-pass-through=-lgcc --build-id --eh-frame-hdr -m elf_x86_64 --hash-style=gnu --as-needed -dynamic-linker /lib64/ld-linux-x86-64.so.2 -pie -z now -z relro -o cmTC_cfddc /usr/lib/gcc/x86_64-linux-gnu/11/../../../x86_64-linux-gnu/Scrt1.o /usr/lib/gcc/x86_64-linux-gnu/11/../../../x86_64-linux-gnu/crti.o /usr/lib/gcc/x86_64-linux-gnu/11/crtbeginS.o -L/opt/intel/oneapi/vpl/2023.0.0/lib/../lib -L/opt/intel/oneapi/mpi/2021.8.0//libfabric/lib/../lib -L/opt/intel/oneapi/mpi/2021.8.0//lib/../lib -L/opt/intel/oneapi/dnnl/2023.0.0/cpu_dpcpp_gpu_dpcpp/lib/../lib -L/opt/intel/oneapi/compiler/2023.0.0/linux/lib/../lib -L/usr/lib/gcc/x86_64-linux-gnu/11 -L/usr/lib/gcc/x86_64-linux-gnu/11/../../../x86_64-linux-gnu -L/usr/lib/gcc/x86_64-linux-gnu/11/../../../../lib -L/lib/x86_64-linux-gnu -L/lib/../lib -L/usr/lib/x86_64-linux-gnu -L/usr/lib/../lib -L/opt/intel/oneapi/vpl/2023.0.0/lib -L/opt/intel/oneapi/tbb/2021.8.0/env/../lib/intel64/gcc4.8 -L/opt/intel/oneapi/mpi/2021.8.0//libfabric/lib -L/opt/intel/oneapi/mpi/2021.8.0//lib/release -L/opt/intel/oneapi/mpi/2021.8.0//lib -L/opt/intel/oneapi/mkl/2023.0.0/lib/intel64 -L/opt/intel/oneapi/ipp/2021.7.0/lib/intel64 -L/opt/intel/oneapi/ippcp/2021.6.3/lib/intel64 -L/opt/intel/oneapi/ipp/2021.7.0/lib/intel64 -L/opt/intel/oneapi/dnnl/2023.0.0/cpu_dpcpp_gpu_dpcpp/lib -L/opt/intel/oneapi/dal/2023.0.0/lib/intel64 -L/opt/intel/oneapi/compiler/2023.0.0/linux/compiler/lib/intel64_lin -L/opt/intel/oneapi/compiler/2023.0.0/linux/lib -L/opt/intel/oneapi/clck/2021.7.3/lib/intel64 -L/opt/intel/oneapi/ccl/2021.8.0/lib/cpu_gpu_dpcpp -L/usr/lib/gcc/x86_64-linux-gnu/11/../../.. CMakeFiles/cmTC_cfddc.dir/CMakeCXXCompilerABI.cpp.o -lstdc++ -lm -lgcc_s -lgcc -lc -lgcc_s -lgcc /usr/lib/gcc/x86_64-linux-gnu/11/crtendS.o /usr/lib/gcc/x86_64-linux-gnu/11/../../../x86_64-linux-gnu/crtn.o
COLLECT_GCC_OPTIONS='-v' '-o' 'cmTC_cfddc' '-shared-libgcc' '-mtune=generic' '-march=x86-64' '-dumpdir' 'cmTC_cfddc.'
gmake[1]: Leaving directory '/home/samuel/cces-cepid/massccs/build/CMakeFiles/CMakeTmp'



Parsed CXX implicit include dir info from above output: rv=done
  found start of include info
  found start of implicit include info
    add: [/opt/intel/oneapi/vpl/2023.0.0/include]
    add: [/opt/intel/oneapi/tbb/2021.8.0/env/../include]
    add: [/opt/intel/oneapi/mpi/2021.8.0//include]
    add: [/opt/intel/oneapi/mkl/2023.0.0/include]
    add: [/opt/intel/oneapi/ipp/2021.7.0/include]
    add: [/opt/intel/oneapi/ippcp/2021.6.3/include]
    add: [/opt/intel/oneapi/dpl/2022.0.0/linux/include]
    add: [/opt/intel/oneapi/dpcpp-ct/2023.0.0/include]
    add: [/opt/intel/oneapi/dnnl/2023.0.0/cpu_dpcpp_gpu_dpcpp/include]
    add: [/opt/intel/oneapi/dev-utilities/2021.8.0/include]
    add: [/opt/intel/oneapi/dal/2023.0.0/include]
    add: [/opt/intel/oneapi/ccl/2021.8.0/include/cpu_gpu_dpcpp]
    add: [/opt/intel/oneapi/clck/2021.7.3/include]
    add: [/usr/include/c++/11]
    add: [/usr/include/x86_64-linux-gnu/c++/11]
    add: [/usr/include/c++/11/backward]
    add: [/usr/lib/gcc/x86_64-linux-gnu/11/include]
    add: [/usr/local/include]
    add: [/usr/include/x86_64-linux-gnu]
    add: [/usr/include]
  end of search list found
  collapse include dir [/opt/intel/oneapi/vpl/2023.0.0/include] ==> [/opt/intel/oneapi/vpl/2023.0.0/include]
  collapse include dir [/opt/intel/oneapi/tbb/2021.8.0/env/../include] ==> [/opt/intel/oneapi/tbb/2021.8.0/include]
  collapse include dir [/opt/intel/oneapi/mpi/2021.8.0//include] ==> [/opt/intel/oneapi/mpi/2021.8.0/include]
  collapse include dir [/opt/intel/oneapi/mkl/2023.0.0/include] ==> [/opt/intel/oneapi/mkl/2023.0.0/include]
  collapse include dir [/opt/intel/oneapi/ipp/2021.7.0/include] ==> [/opt/intel/oneapi/ipp/2021.7.0/include]
  collapse include dir [/opt/intel/oneapi/ippcp/2021.6.3/include] ==> [/opt/intel/oneapi/ippcp/2021.6.3/include]
  collapse include dir [/opt/intel/oneapi/dpl/2022.0.0/linux/include] ==> [/opt/intel/oneapi/dpl/2022.0.0/linux/include]
  collapse include dir [/opt/intel/oneapi/dpcpp-ct/2023.0.0/include] ==> [/opt/intel/oneapi/dpcpp-ct/2023.0.0/include]
  collapse include dir [/opt/intel/oneapi/dnnl/2023.0.0/cpu_dpcpp_gpu_dpcpp/include] ==> [/opt/intel/oneapi/dnnl/2023.0.0/cpu_dpcpp_gpu_dpcpp/include]
  collapse include dir [/opt/intel/oneapi/dev-utilities/2021.8.0/include] ==> [/opt/intel/oneapi/dev-utilities/2021.8.0/include]
  collapse include dir [/opt/intel/oneapi/dal/2023.0.0/include] ==> [/opt/intel/oneapi/dal/2023.0.0/include]
  collapse include dir [/opt/intel/oneapi/ccl/2021.8.0/include/cpu_gpu_dpcpp] ==> [/opt/intel/oneapi/ccl/2021.8.0/include/cpu_gpu_dpcpp]
  collapse include dir [/opt/intel/oneapi/clck/2021.7.3/include] ==> [/opt/intel/oneapi/clck/2021.7.3/include]
  collapse include dir [/usr/include/c++/11] ==> [/usr/include/c++/11]
  collapse include dir [/usr/include/x86_64-linux-gnu/c++/11] ==> [/usr/include/x86_64-linux-gnu/c++/11]
  collapse include dir [/usr/include/c++/11/backward] ==> [/usr/include/c++/11/backward]
  collapse include dir [/usr/lib/gcc/x86_64-linux-gnu/11/include] ==> [/usr/lib/gcc/x86_64-linux-gnu/11/include]
  collapse include dir [/usr/local/include] ==> [/usr/local/include]
  collapse include dir [/usr/include/x86_64-linux-gnu] ==> [/usr/include/x86_64-linux-gnu]
  collapse include dir [/usr/include] ==> [/usr/include]
  implicit include dirs: [/opt/intel/oneapi/vpl/2023.0.0/include;/opt/intel/oneapi/tbb/2021.8.0/include;/opt/intel/oneapi/mpi/2021.8.0/include;/opt/intel/oneapi/mkl/2023.0.0/include;/opt/intel/oneapi/ipp/2021.7.0/include;/opt/intel/oneapi/ippcp/2021.6.3/include;/opt/intel/oneapi/dpl/2022.0.0/linux/include;/opt/intel/oneapi/dpcpp-ct/2023.0.0/include;/opt/intel/oneapi/dnnl/2023.0.0/cpu_dpcpp_gpu_dpcpp/include;/opt/intel/oneapi/dev-utilities/2021.8.0/include;/opt/intel/oneapi/dal/2023.0.0/include;/opt/intel/oneapi/ccl/2021.8.0/include/cpu_gpu_dpcpp;/opt/intel/oneapi/clck/2021.7.3/include;/usr/include/c++/11;/usr/include/x86_64-linux-gnu/c++/11;/usr/include/c++/11/backward;/usr/lib/gcc/x86_64-linux-gnu/11/include;/usr/local/include;/usr/include/x86_64-linux-gnu;/usr/include]


Parsed CXX implicit link information from above output:
  link line regex: [^( *|.*[/\])(ld|CMAKE_LINK_STARTFILE-NOTFOUND|([^/\]+-)?ld|collect2)[^/\]*( |$)]
  ignore line: [Change Dir: /home/samuel/cces-cepid/massccs/build/CMakeFiles/CMakeTmp]
  ignore line: []
  ignore line: [Run Build Command(s):/usr/bin/gmake -f Makefile cmTC_cfddc/fast && /usr/bin/gmake  -f CMakeFiles/cmTC_cfddc.dir/build.make CMakeFiles/cmTC_cfddc.dir/build]
  ignore line: [gmake[1]: Entering directory '/home/samuel/cces-cepid/massccs/build/CMakeFiles/CMakeTmp']
  ignore line: [Building CXX object CMakeFiles/cmTC_cfddc.dir/CMakeCXXCompilerABI.cpp.o]
  ignore line: [/usr/bin/c++   -v -o CMakeFiles/cmTC_cfddc.dir/CMakeCXXCompilerABI.cpp.o -c /usr/local/share/cmake-3.20/Modules/CMakeCXXCompilerABI.cpp]
  ignore line: [Using built-in specs.]
  ignore line: [COLLECT_GCC=/usr/bin/c++]
  ignore line: [OFFLOAD_TARGET_NAMES=nvptx-none:amdgcn-amdhsa]
  ignore line: [OFFLOAD_TARGET_DEFAULT=1]
  ignore line: [Target: x86_64-linux-gnu]
  ignore line: [Configured with: ../src/configure -v --with-pkgversion='Ubuntu 11.4.0-1ubuntu1~22.04' --with-bugurl=file:///usr/share/doc/gcc-11/README.Bugs --enable-languages=c ada c++ go brig d fortran objc obj-c++ m2 --prefix=/usr --with-gcc-major-version-only --program-suffix=-11 --program-prefix=x86_64-linux-gnu- --enable-shared --enable-linker-build-id --libexecdir=/usr/lib --without-included-gettext --enable-threads=posix --libdir=/usr/lib --enable-nls --enable-bootstrap --enable-clocale=gnu --enable-libstdcxx-debug --enable-libstdcxx-time=yes --with-default-libstdcxx-abi=new --enable-gnu-unique-object --disable-vtable-verify --enable-plugin --enable-default-pie --with-system-zlib --enable-libphobos-checking=release --with-target-system-zlib=auto --enable-objc-gc=auto --enable-multiarch --disable-werror --enable-cet --with-arch-32=i686 --with-abi=m64 --with-multilib-list=m32 m64 mx32 --enable-multilib --with-tune=generic --enable-offload-targets=nvptx-none=/build/gcc-11-XeT9lY/gcc-11-11.4.0/debian/tmp-nvptx/usr amdgcn-amdhsa=/build/gcc-11-XeT9lY/gcc-11-11.4.0/debian/tmp-gcn/usr --without-cuda-driver --enable-checking=release --build=x86_64-linux-gnu --host=x86_64-linux-gnu --target=x86_64-linux-gnu --with-build-config=bootstrap-lto-lean --enable-link-serialization=2]
  ignore line: [Thread model: posix]
  ignore line: [Supported LTO compression algorithms: zlib zstd]
  ignore line: [gcc version 11.4.0 (Ubuntu 11.4.0-1ubuntu1~22.04) ]
  ignore line: [COLLECT_GCC_OPTIONS='-v' '-o' 'CMakeFiles/cmTC_cfddc.dir/CMakeCXXCompilerABI.cpp.o' '-c' '-shared-libgcc' '-mtune=generic' '-march=x86-64' '-dumpdir' 'CMakeFiles/cmTC_cfddc.dir/']
  ignore line: [ /usr/lib/gcc/x86_64-linux-gnu/11/cc1plus -quiet -v -imultiarch x86_64-linux-gnu -D_GNU_SOURCE /usr/local/share/cmake-3.20/Modules/CMakeCXXCompilerABI.cpp -quiet -dumpdir CMakeFiles/cmTC_cfddc.dir/ -dumpbase CMakeCXXCompilerABI.cpp.cpp -dumpbase-ext .cpp -mtune=generic -march=x86-64 -version -fasynchronous-unwind-tables -fstack-protector-strong -Wformat -Wformat-security -fstack-clash-protection -fcf-protection -o /tmp/ccYyhGYA.s]
  ignore line: [GNU C++17 (Ubuntu 11.4.0-1ubuntu1~22.04) version 11.4.0 (x86_64-linux-gnu)]
  ignore line: [	compiled by GNU C version 11.4.0  GMP version 6.2.1  MPFR version 4.1.0  MPC version 1.2.1  isl version isl-0.24-GMP]
  ignore line: []
  ignore line: [GGC heuristics: --param ggc-min-expand=100 --param ggc-min-heapsize=131072]
  ignore line: [ignoring duplicate directory "/usr/include/x86_64-linux-gnu/c++/11"]
  ignore line: [ignoring nonexistent directory "/usr/local/include/x86_64-linux-gnu"]
  ignore line: [ignoring nonexistent directory "/usr/lib/gcc/x86_64-linux-gnu/11/include-fixed"]
  ignore line: [ignoring nonexistent directory "/usr/lib/gcc/x86_64-linux-gnu/11/../../../../x86_64-linux-gnu/include"]
  ignore line: [ignoring duplicate directory "/opt/intel/oneapi/ipp/2021.7.0/include"]
  ignore line: [#include "..." search starts here:]
  ignore line: [#include <...> search starts here:]
  ignore line: [ /opt/intel/oneapi/vpl/2023.0.0/include]
  ignore line: [ /opt/intel/oneapi/tbb/2021.8.0/env/../include]
  ignore line: [ /opt/intel/oneapi/mpi/2021.8.0//include]
  ignore line: [ /opt/intel/oneapi/mkl/2023.0.0/include]
  ignore line: [ /opt/intel/oneapi/ipp/2021.7.0/include]
  ignore line: [ /opt/intel/oneapi/ippcp/2021.6.3/include]
  ignore line: [ /opt/intel/oneapi/dpl/2022.0.0/linux/include]
  ignore line: [ /opt/intel/oneapi/dpcpp-ct/2023.0.0/include]
  ignore line: [ /opt/intel/oneapi/dnnl/2023.0.0/cpu_dpcpp_gpu_dpcpp/include]
  ignore line: [ /opt/intel/oneapi/dev-utilities/2021.8.0/include]
  ignore line: [ /opt/intel/oneapi/dal/2023.0.0/include]
  ignore line: [ /opt/intel/oneapi/ccl/2021.8.0/include/cpu_gpu_dpcpp]
  ignore line: [ /opt/intel/oneapi/clck/2021.7.3/include]
  ignore line: [ /usr/include/c++/11]
  ignore line: [ /usr/include/x86_64-linux-gnu/c++/11]
  ignore line: [ /usr/include/c++/11/backward]
  ignore line: [ /usr/lib/gcc/x86_64-linux-gnu/11/include]
  ignore line: [ /usr/local/include]
  ignore line: [ /usr/include/x86_64-linux-gnu]
  ignore line: [ /usr/include]
  ignore line: [End of search list.]
  ignore line: [GNU C++17 (Ubuntu 11.4.0-1ubuntu1~22.04) version 11.4.0 (x86_64-linux-gnu)]
  ignore line: [	compiled by GNU C version 11.4.0  GMP version 6.2.1  MPFR version 4.1.0  MPC version 1.2.1  isl version isl-0.24-GMP]
  ignore line: []
  ignore line: [GGC heuristics: --param ggc-min-expand=100 --param ggc-min-heapsize=131072]
  ignore line: [Compiler executable checksum: d591828bb4d392ae8b7b160e5bb0b95f]
  ignore line: [COLLECT_GCC_OPTIONS='-v' '-o' 'CMakeFiles/cmTC_cfddc.dir/CMakeCXXCompilerABI.cpp.o' '-c' '-shared-libgcc' '-mtune=generic' '-march=x86-64' '-dumpdir' 'CMakeFiles/cmTC_cfddc.dir/']
  ignore line: [ as -v --64 -o CMakeFiles/cmTC_cfddc.dir/CMakeCXXCompilerABI.cpp.o /tmp/ccYyhGYA.s]
  ignore line: [GNU assembler version 2.38 (x86_64-linux-gnu) using BFD version (GNU Binutils for Ubuntu) 2.38]
  ignore line: [COMPILER_PATH=/usr/lib/gcc/x86_64-linux-gnu/11/:/usr/lib/gcc/x86_64-linux-gnu/11/:/usr/lib/gcc/x86_64-linux-gnu/:/usr/lib/gcc/x86_64-linux-gnu/11/:/usr/lib/gcc/x86_64-linux-gnu/]
  ignore line: [LIBRARY_PATH=/opt/intel/oneapi/vpl/2023.0.0/lib/../lib/:/opt/intel/oneapi/mpi/2021.8.0//libfabric/lib/../lib/:/opt/intel/oneapi/mpi/2021.8.0//lib/../lib/:/opt/intel/oneapi/dnnl/2023.0.0/cpu_dpcpp_gpu_dpcpp/lib/../lib/:/opt/intel/oneapi/compiler/2023.0.0/linux/lib/../lib/:/usr/lib/gcc/x86_64-linux-gnu/11/:/usr/lib/gcc/x86_64-linux-gnu/11/../../../x86_64-linux-gnu/:/usr/lib/gcc/x86_64-linux-gnu/11/../../../../lib/:/lib/x86_64-linux-gnu/:/lib/../lib/:/usr/lib/x86_64-linux-gnu/:/usr/lib/../lib/:/opt/intel/oneapi/vpl/2023.0.0/lib/:/opt/intel/oneapi/tbb/2021.8.0/env/../lib/intel64/gcc4.8/:/opt/intel/oneapi/mpi/2021.8.0//libfabric/lib/:/opt/intel/oneapi/mpi/2021.8.0//lib/release/:/opt/intel/oneapi/mpi/2021.8.0//lib/:/opt/intel/oneapi/mkl/2023.0.0/lib/intel64/:/opt/intel/oneapi/ipp/2021.7.0/lib/intel64/:/opt/intel/oneapi/ippcp/2021.6.3/lib/intel64/:/opt/intel/oneapi/ipp/2021.7.0/lib/intel64/:/opt/intel/oneapi/dnnl/2023.0.0/cpu_dpcpp_gpu_dpcpp/lib/:/opt/intel/oneapi/dal/2023.0.0/lib/intel64/:/opt/intel/oneapi/compiler/2023.0.0/linux/compiler/lib/intel64_lin/:/opt/intel/oneapi/compiler/2023.0.0/linux/lib/:/opt/intel/oneapi/clck/2021.7.3/lib/intel64/:/opt/intel/oneapi/ccl/2021.8.0/lib/cpu_gpu_dpcpp/:/usr/lib/gcc/x86_64-linux-gnu/11/../../../:/lib/:/usr/lib/]
  ignore line: [COLLECT_GCC_OPTIONS='-v' '-o' 'CMakeFiles/cmTC_cfddc.dir/CMakeCXXCompilerABI.cpp.o' '-c' '-shared-libgcc' '-mtune=generic' '-march=x86-64' '-dumpdir' 'CMakeFiles/cmTC_cfddc.dir/CMakeCXXCompilerABI.cpp.']
  ignore line: [Linking CXX executable cmTC_cfddc]
  ignore line: [/usr/local/bin/cmake -E cmake_link_script CMakeFiles/cmTC_cfddc.dir/link.txt --verbose=1]
  ignore line: [/usr/bin/c++  -v CMakeFiles/cmTC_cfddc.dir/CMakeCXXCompilerABI.cpp.o -o cmTC_cfddc ]
  ignore line: [Using built-in specs.]
  ignore line: [COLLECT_GCC=/usr/bin/c++]
  ignore line: [COLLECT_LTO_WRAPPER=/usr/lib/gcc/x86_64-linux-gnu/11/lto-wrapper]
  ignore line: [OFFLOAD_TARGET_NAMES=nvptx-none:amdgcn-amdhsa]
  ignore line: [OFFLOAD_TARGET_DEFAULT=1]
  ignore line: [Target: x86_64-linux-gnu]
  ignore line: [Configured with: ../src/configure -v --with-pkgversion='Ubuntu 11.4.0-1ubuntu1~22.04' --with-bugurl=file:///usr/share/doc/gcc-11/README.Bugs --enable-languages=c ada c++ go brig d fortran objc obj-c++ m2 --prefix=/usr --with-gcc-major-version-only --program-suffix=-11 --program-prefix=x86_64-linux-gnu- --enable-shared --enable-linker-build-id --libexecdir=/usr/lib --without-included-gettext --enable-threads=posix --libdir=/usr/lib --enable-nls --enable-bootstrap --enable-clocale=gnu --enable-libstdcxx-debug --enable-libstdcxx-time=yes --with-default-libstdcxx-abi=new --enable-gnu-unique-object --disable-vtable-verify --enable-plugin --enable-default-pie --with-system-zlib --enable-libphobos-checking=release --with-target-system-zlib=auto --enable-objc-gc=auto --enable-multiarch --disable-werror --enable-cet --with-arch-32=i686 --with-abi=m64 --with-multilib-list=m32 m64 mx32 --enable-multilib --with-tune=generic --enable-offload-targets=nvptx-none=/build/gcc-11-XeT9lY/gcc-11-11.4.0/debian/tmp-nvptx/usr amdgcn-amdhsa=/build/gcc-11-XeT9lY/gcc-11-11.4.0/debian/tmp-gcn/usr --without-cuda-driver --enable-checking=release --build=x86_64-linux-gnu --host=x86_64-linux-gnu --target=x86_64-linux-gnu --with-build-config=bootstrap-lto-lean --enable-link-serialization=2]
  ignore line: [Thread model: posix]
  ignore line: [Supported LTO compression algorithms: zlib zstd]
  ignore line: [gcc version 11.4.0 (Ubuntu 11.4.0-1ubuntu1~22.04) ]
  ignore line: [COMPILER_PATH=/usr/lib/gcc/x86_64-linux-gnu/11/:/usr/lib/gcc/x86_64-linux-gnu/11/:/usr/lib/gcc/x86_64-linux-gnu/:/usr/lib/gcc/x86_64-linux-gnu/11/:/usr/lib/gcc/x86_64-linux-gnu/]
  ignore line: [LIBRARY_PATH=/opt/intel/oneapi/vpl/2023.0.0/lib/../lib/:/opt/intel/oneapi/mpi/2021.8.0//libfabric/lib/../lib/:/opt/intel/oneapi/mpi/2021.8.0//lib/../lib/:/opt/intel/oneapi/dnnl/2023.0.0/cpu_dpcpp_gpu_dpcpp/lib/../lib/:/opt/intel/oneapi/compiler/2023.0.0/linux/lib/../lib/:/usr/lib/gcc/x86_64-linux-gnu/11/:/usr/lib/gcc/x86_64-linux-gnu/11/../../../x86_64-linux-gnu/:/usr/lib/gcc/x86_64-linux-gnu/11/../../../../lib/:/lib/x86_64-linux-gnu/:/lib/../lib/:/usr/lib/x86_64-linux-gnu/:/usr/lib/../lib/:/opt/intel/oneapi/vpl/2023.0.0/lib/:/opt/intel/oneapi/tbb/2021.8.0/env/../lib/intel64/gcc4.8/:/opt/intel/oneapi/mpi/2021.8.0//libfabric/lib/:/opt/intel/oneapi/mpi/2021.8.0//lib/release/:/opt/intel/oneapi/mpi/2021.8.0//lib/:/opt/intel/oneapi/mkl/2023.0.0/lib/intel64/:/opt/intel/oneapi/ipp/2021.7.0/lib/intel64/:/opt/intel/oneapi/ippcp/2021.6.3/lib/intel64/:/opt/intel/oneapi/ipp/2021.7.0/lib/intel64/:/opt/intel/oneapi/dnnl/2023.0.0/cpu_dpcpp_gpu_dpcpp/lib/:/opt/intel/oneapi/dal/2023.0.0/lib/intel64/:/opt/intel/oneapi/compiler/2023.0.0/linux/compiler/lib/intel64_lin/:/opt/intel/oneapi/compiler/2023.0.0/linux/lib/:/opt/intel/oneapi/clck/2021.7.3/lib/intel64/:/opt/intel/oneapi/ccl/2021.8.0/lib/cpu_gpu_dpcpp/:/usr/lib/gcc/x86_64-linux-gnu/11/../../../:/lib/:/usr/lib/]
  ignore line: [COLLECT_GCC_OPTIONS='-v' '-o' 'cmTC_cfddc' '-shared-libgcc' '-mtune=generic' '-march=x86-64' '-dumpdir' 'cmTC_cfddc.']
  link line: [ /usr/lib/gcc/x86_64-linux-gnu/11/collect2 -plugin /usr/lib/gcc/x86_64-linux-gnu/11/liblto_plugin.so -plugin-opt=/usr/lib/gcc/x86_64-linux-gnu/11/lto-wrapper -plugin-opt=-fresolution=/tmp/ccOwaFfz.res -plugin-opt=-pass-through=-lgcc_s -plugin-opt=-pass-through=-lgcc -plugin-opt=-pass-through=-lc -plugin-opt=-pass-through=-lgcc_s -plugin-opt=-pass-through=-lgcc --build-id --eh-frame-hdr -m elf_x86_64 --hash-style=gnu --as-needed -dynamic-linker /lib64/ld-linux-x86-64.so.2 -pie -z now -z relro -o cmTC_cfddc /usr/lib/gcc/x86_64-linux-gnu/11/../../../x86_64-linux-gnu/Scrt1.o /usr/lib/gcc/x86_64-linux-gnu/11/../../../x86_64-linux-gnu/crti.o /usr/lib/gcc/x86_64-linux-gnu/11/crtbeginS.o -L/opt/intel/oneapi/vpl/2023.0.0/lib/../lib -L/opt/intel/oneapi/mpi/2021.8.0//libfabric/lib/../lib -L/opt/intel/oneapi/mpi/2021.8.0//lib/../lib -L/opt/intel/oneapi/dnnl/2023.0.0/cpu_dpcpp_gpu_dpcpp/lib/../lib -L/opt/intel/oneapi/compiler/2023.0.0/linux/lib/../lib -L/usr/lib/gcc/x86_64-linux-gnu/11 -L/usr/lib/gcc/x86_64-linux-gnu/11/../../../x86_64-linux-gnu -L/usr/lib/gcc/x86_64-linux-gnu/11/../../../../lib -L/lib/x86_64-linux-gnu -L/lib/../lib -L/usr/lib/x86_64-linux-gnu -L/usr/lib/../lib -L/opt/intel/oneapi/vpl/2023.0.0/lib -L/opt/intel/oneapi/tbb/2021.8.0/env/../lib/intel64/gcc4.8 -L/opt/intel/oneapi/mpi/2021.8.0//libfabric/lib -L/opt/intel/oneapi/mpi/2021.8.0//lib/release -L/opt/intel/oneapi/mpi/2021.8.0//lib -L/opt/intel/oneapi/mkl/2023.0.0/lib/intel64 -L/opt/intel/oneapi/ipp/2021.7.0/lib/intel64 -L/opt/intel/oneapi/ippcp/2021.6.3/lib/intel64 -L/opt/intel/oneapi/ipp/2021.7.0/lib/intel64 -L/opt/intel/oneapi/dnnl/2023.0.0/cpu_dpcpp_gpu_dpcpp/lib -L/opt/intel/oneapi/dal/2023.0.0/lib/intel64 -L/opt/intel/oneapi/compiler/2023.0.0/linux/compiler/lib/intel64_lin -L/opt/intel/oneapi/compiler/2023.0.0/linux/lib -L/opt/intel/oneapi/clck/2021.7.3/lib/intel64 -L/opt/intel/oneapi/ccl/2021.8.0/lib/cpu_gpu_dpcpp -L/usr/lib/gcc/x86_64-linux-gnu/11/../../.. CMakeFiles/cmTC_cfddc.dir/CMakeCXXCompilerABI.cpp.o -lstdc++ -lm -lgcc_s -lgcc -lc -lgcc_s -lgcc /usr/lib/gcc/x86_64-linux-gnu/11/crtendS.o /usr/lib/gcc/x86_64-linux-gnu/11/../../../x86_64-linux-gnu/crtn.o]
    arg [/usr/lib/gcc/x86_64-linux-gnu/11/collect2] ==> ignore
    arg [-plugin] ==> ignore
    arg [/usr/lib/gcc/x86_64-linux-gnu/11/liblto_plugin.so] ==> ignore
    arg [-plugin-opt=/usr/lib/gcc/x86_64-linux-gnu/11/lto-wrapper] ==> ignore
    arg [-plugin-opt=-fresolution=/tmp/ccOwaFfz.res] ==> ignore
    arg [-plugin-opt=-pass-through=-lgcc_s] ==> ignore
    arg [-plugin-opt=-pass-through=-lgcc] ==> ignore
    arg [-plugin-opt=-pass-through=-lc] ==> ignore
    arg [-plugin-opt=-pass-through=-lgcc_s] ==> ignore
    arg [-plugin-opt=-pass-through=-lgcc] ==> ignore
    arg [--build-id] ==> ignore
    arg [--eh-frame-hdr] ==> ignore
    arg [-m] ==> ignore
    arg [elf_x86_64] ==> ignore
    arg [--hash-style=gnu] ==> ignore
    arg [--as-needed] ==> ignore
    arg [-dynamic-linker] ==> ignore
    arg [/lib64/ld-linux-x86-64.so.2] ==> ignore
    arg [-pie] ==> ignore
    arg [-znow] ==> ignore
    arg [-zrelro] ==> ignore
    arg [-o] ==> ignore
    arg [cmTC_cfddc] ==> ignore
    arg [/usr/lib/gcc/x86_64-linux-gnu/11/../../../x86_64-linux-gnu/Scrt1.o] ==> ignore
    arg [/usr/lib/gcc/x86_64-linux-gnu/11/../../../x86_64-linux-gnu/crti.o] ==> ignore
    arg [/usr/lib/gcc/x86_64-linux-gnu/11/crtbeginS.o] ==> ignore
    arg [-L/opt/intel/oneapi/vpl/2023.0.0/lib/../lib] ==> dir [/opt/intel/oneapi/vpl/2023.0.0/lib/../lib]
    arg [-L/opt/intel/oneapi/mpi/2021.8.0//libfabric/lib/../lib] ==> dir [/opt/intel/oneapi/mpi/2021.8.0//libfabric/lib/../lib]
    arg [-L/opt/intel/oneapi/mpi/2021.8.0//lib/../lib] ==> dir [/opt/intel/oneapi/mpi/2021.8.0//lib/../lib]
    arg [-L/opt/intel/oneapi/dnnl/2023.0.0/cpu_dpcpp_gpu_dpcpp/lib/../lib] ==> dir [/opt/intel/oneapi/dnnl/2023.0.0/cpu_dpcpp_gpu_dpcpp/lib/../lib]
    arg [-L/opt/intel/oneapi/compiler/2023.0.0/linux/lib/../lib] ==> dir [/opt/intel/oneapi/compiler/2023.0.0/linux/lib/../lib]
    arg [-L/usr/lib/gcc/x86_64-linux-gnu/11] ==> dir [/usr/lib/gcc/x86_64-linux-gnu/11]
    arg [-L/usr/lib/gcc/x86_64-linux-gnu/11/../../../x86_64-linux-gnu] ==> dir [/usr/lib/gcc/x86_64-linux-gnu/11/../../../x86_64-linux-gnu]
    arg [-L/usr/lib/gcc/x86_64-linux-gnu/11/../../../../lib] ==> dir [/usr/lib/gcc/x86_64-linux-gnu/11/../../../../lib]
    arg [-L/lib/x86_64-linux-gnu] ==> dir [/lib/x86_64-linux-gnu]
    arg [-L/lib/../lib] ==> dir [/lib/../lib]
    arg [-L/usr/lib/x86_64-linux-gnu] ==> dir [/usr/lib/x86_64-linux-gnu]
    arg [-L/usr/lib/../lib] ==> dir [/usr/lib/../lib]
    arg [-L/opt/intel/oneapi/vpl/2023.0.0/lib] ==> dir [/opt/intel/oneapi/vpl/2023.0.0/lib]
    arg [-L/opt/intel/oneapi/tbb/2021.8.0/env/../lib/intel64/gcc4.8] ==> dir [/opt/intel/oneapi/tbb/2021.8.0/env/../lib/intel64/gcc4.8]
    arg [-L/opt/intel/oneapi/mpi/2021.8.0//libfabric/lib] ==> dir [/opt/intel/oneapi/mpi/2021.8.0//libfabric/lib]
    arg [-L/opt/intel/oneapi/mpi/2021.8.0//lib/release] ==> dir [/opt/intel/oneapi/mpi/2021.8.0//lib/release]
    arg [-L/opt/intel/oneapi/mpi/2021.8.0//lib] ==> dir [/opt/intel/oneapi/mpi/2021.8.0//lib]
    arg [-L/opt/intel/oneapi/mkl/2023.0.0/lib/intel64] ==> dir [/opt/intel/oneapi/mkl/2023.0.0/lib/intel64]
    arg [-L/opt/intel/oneapi/ipp/2021.7.0/lib/intel64] ==> dir [/opt/intel/oneapi/ipp/2021.7.0/lib/intel64]
    arg [-L/opt/intel/oneapi/ippcp/2021.6.3/lib/intel64] ==> dir [/opt/intel/oneapi/ippcp/2021.6.3/lib/intel64]
    arg [-L/opt/intel/oneapi/ipp/2021.7.0/lib/intel64] ==> dir [/opt/intel/oneapi/ipp/2021.7.0/lib/intel64]
    arg [-L/opt/intel/oneapi/dnnl/2023.0.0/cpu_dpcpp_gpu_dpcpp/lib] ==> dir [/opt/intel/oneapi/dnnl/2023.0.0/cpu_dpcpp_gpu_dpcpp/lib]
    arg [-L/opt/intel/oneapi/dal/2023.0.0/lib/intel64] ==> dir [/opt/intel/oneapi/dal/2023.0.0/lib/intel64]
    arg [-L/opt/intel/oneapi/compiler/2023.0.0/linux/compiler/lib/intel64_lin] ==> dir [/opt/intel/oneapi/compiler/2023.0.0/linux/compiler/lib/intel64_lin]
    arg [-L/opt/intel/oneapi/compiler/2023.0.0/linux/lib] ==> dir [/opt/intel/oneapi/compiler/2023.0.0/linux/lib]
    arg [-L/opt/intel/oneapi/clck/2021.7.3/lib/intel64] ==> dir [/opt/intel/oneapi/clck/2021.7.3/lib/intel64]
    arg [-L/opt/intel/oneapi/ccl/2021.8.0/lib/cpu_gpu_dpcpp] ==> dir [/opt/intel/oneapi/ccl/2021.8.0/lib/cpu_gpu_dpcpp]
    arg [-L/usr/lib/gcc/x86_64-linux-gnu/11/../../..] ==> dir [/usr/lib/gcc/x86_64-linux-gnu/11/../../..]
    arg [CMakeFiles/cmTC_cfddc.dir/CMakeCXXCompilerABI.cpp.o] ==> ignore
    arg [-lstdc++] ==> lib [stdc++]
    arg [-lm] ==> lib [m]
    arg [-lgcc_s] ==> lib [gcc_s]
    arg [-lgcc] ==> lib [gcc]
    arg [-lc] ==> lib [c]
    arg [-lgcc_s] ==> lib [gcc_s]
    arg [-lgcc] ==> lib [gcc]
    arg [/usr/lib/gcc/x86_64-linux-gnu/11/crtendS.o] ==> ignore
    arg [/usr/lib/gcc/x86_64-linux-gnu/11/../../../x86_64-linux-gnu/crtn.o] ==> ignore
  collapse library dir [/opt/intel/oneapi/vpl/2023.0.0/lib/../lib] ==> [/opt/intel/oneapi/vpl/2023.0.0/lib]
  collapse library dir [/opt/intel/oneapi/mpi/2021.8.0//libfabric/lib/../lib] ==> [/opt/intel/oneapi/mpi/2021.8.0/libfabric/lib]
  collapse library dir [/opt/intel/oneapi/mpi/2021.8.0//lib/../lib] ==> [/opt/intel/oneapi/mpi/2021.8.0/lib]
  collapse library dir [/opt/intel/oneapi/dnnl/2023.0.0/cpu_dpcpp_gpu_dpcpp/lib/../lib] ==> [/opt/intel/oneapi/dnnl/2023.0.0/cpu_dpcpp_gpu_dpcpp/lib]
  collapse library dir [/opt/intel/oneapi/compiler/2023.0.0/linux/lib/../lib] ==> [/opt/intel/oneapi/compiler/2023.0.0/linux/lib]
  collapse library dir [/usr/lib/gcc/x86_64-linux-gnu/11] ==> [/usr/lib/gcc/x86_64-linux-gnu/11]
  collapse library dir [/usr/lib/gcc/x86_64-linux-gnu/11/../../../x86_64-linux-gnu] ==> [/usr/lib/x86_64-linux-gnu]
  collapse library dir [/usr/lib/gcc/x86_64-linux-gnu/11/../../../../lib] ==> [/usr/lib]
  collapse library dir [/lib/x86_64-linux-gnu] ==> [/lib/x86_64-linux-gnu]
  collapse library dir [/lib/../lib] ==> [/lib]
  collapse library dir [/usr/lib/x86_64-linux-gnu] ==> [/usr/lib/x86_64-linux-gnu]
  collapse library dir [/usr/lib/../lib] ==> [/usr/lib]
  collapse library dir [/opt/intel/oneapi/vpl/2023.0.0/lib] ==> [/opt/intel/oneapi/vpl/2023.0.0/lib]
  collapse library dir [/opt/intel/oneapi/tbb/2021.8.0/env/../lib/intel64/gcc4.8] ==> [/opt/intel/oneapi/tbb/2021.8.0/lib/intel64/gcc4.8]
  collapse library dir [/opt/intel/oneapi/mpi/2021.8.0//libfabric/lib] ==> [/opt/intel/oneapi/mpi/2021.8.0/libfabric/lib]
  collapse library dir [/opt/intel/oneapi/mpi/2021.8.0//lib/release] ==> [/opt/intel/oneapi/mpi/2021.8.0/lib/release]
  collapse library dir [/opt/intel/oneapi/mpi/2021.8.0//lib] ==> [/opt/intel/oneapi/mpi/2021.8.0/lib]
  collapse library dir [/opt/intel/oneapi/mkl/2023.0.0/lib/intel64] ==> [/opt/intel/oneapi/mkl/2023.0.0/lib/intel64]
  collapse library dir [/opt/intel/oneapi/ipp/2021.7.0/lib/intel64] ==> [/opt/intel/oneapi/ipp/2021.7.0/lib/intel64]
  collapse library dir [/opt/intel/oneapi/ippcp/2021.6.3/lib/intel64] ==> [/opt/intel/oneapi/ippcp/2021.6.3/lib/intel64]
  collapse library dir [/opt/intel/oneapi/ipp/2021.7.0/lib/intel64] ==> [/opt/intel/oneapi/ipp/2021.7.0/lib/intel64]
  collapse library dir [/opt/intel/oneapi/dnnl/2023.0.0/cpu_dpcpp_gpu_dpcpp/lib] ==> [/opt/intel/oneapi/dnnl/2023.0.0/cpu_dpcpp_gpu_dpcpp/lib]
  collapse library dir [/opt/intel/oneapi/dal/2023.0.0/lib/intel64] ==> [/opt/intel/oneapi/dal/2023.0.0/lib/intel64]
  collapse library dir [/opt/intel/oneapi/compiler/2023.0.0/linux/compiler/lib/intel64_lin] ==> [/opt/intel/oneapi/compiler/2023.0.0/linux/compiler/lib/intel64_lin]
  collapse library dir [/opt/intel/oneapi/compiler/2023.0.0/linux/lib] ==> [/opt/intel/oneapi/compiler/2023.0.0/linux/lib]
  collapse library dir [/opt/intel/oneapi/clck/2021.7.3/lib/intel64] ==> [/opt/intel/oneapi/clck/2021.7.3/lib/intel64]
  collapse library dir [/opt/intel/oneapi/ccl/2021.8.0/lib/cpu_gpu_dpcpp] ==> [/opt/intel/oneapi/ccl/2021.8.0/lib/cpu_gpu_dpcpp]
  collapse library dir [/usr/lib/gcc/x86_64-linux-gnu/11/../../..] ==> [/usr/lib]
  implicit libs: [stdc++;m;gcc_s;gcc;c;gcc_s;gcc]
  implicit dirs: [/opt/intel/oneapi/vpl/2023.0.0/lib;/opt/intel/oneapi/mpi/2021.8.0/libfabric/lib;/opt/intel/oneapi/mpi/2021.8.0/lib;/opt/intel/oneapi/dnnl/2023.0.0/cpu_dpcpp_gpu_dpcpp/lib;/opt/intel/oneapi/compiler/2023.0.0/linux/lib;/usr/lib/gcc/x86_64-linux-gnu/11;/usr/lib/x86_64-linux-gnu;/usr/lib;/lib/x86_64-linux-gnu;/lib;/opt/intel/oneapi/tbb/2021.8.0/lib/intel64/gcc4.8;/opt/intel/oneapi/mpi/2021.8.0/lib/release;/opt/intel/oneapi/mkl/2023.0.0/lib/intel64;/opt/intel/oneapi/ipp/2021.7.0/lib/intel64;/opt/intel/oneapi/ippcp/2021.6.3/lib/intel64;/opt/intel/oneapi/dal/2023.0.0/lib/intel64;/opt/intel/oneapi/compiler/2023.0.0/linux/compiler/lib/intel64_lin;/opt/intel/oneapi/clck/2021.7.3/lib/intel64;/opt/intel/oneapi/ccl/2021.8.0/lib/cpu_gpu_dpcpp]
  implicit fwks: []


Detecting CXX OpenMP compiler ABI info compiled with the following output:
Change Dir: /home/samuel/cces-cepid/massccs/build/CMakeFiles/CMakeTmp

Run Build Command(s):/usr/bin/gmake -f Makefile cmTC_9028a/fast && /usr/bin/gmake  -f CMakeFiles/cmTC_9028a.dir/build.make CMakeFiles/cmTC_9028a.dir/build
gmake[1]: Entering directory '/home/samuel/cces-cepid/massccs/build/CMakeFiles/CMakeTmp'
Building CXX object CMakeFiles/cmTC_9028a.dir/OpenMPTryFlag.cpp.o
/usr/bin/c++   -fopenmp -v -std=gnu++17 -o CMakeFiles/cmTC_9028a.dir/OpenMPTryFlag.cpp.o -c /home/samuel/cces-cepid/massccs/build/CMakeFiles/FindOpenMP/OpenMPTryFlag.cpp
Using built-in specs.
COLLECT_GCC=/usr/bin/c++
OFFLOAD_TARGET_NAMES=nvptx-none:amdgcn-amdhsa
OFFLOAD_TARGET_DEFAULT=1
Target: x86_64-linux-gnu
Configured with: ../src/configure -v --with-pkgversion='Ubuntu 11.4.0-1ubuntu1~22.04' --with-bugurl=file:///usr/share/doc/gcc-11/README.Bugs --enable-languages=c,ada,c++,go,brig,d,fortran,objc,obj-c++,m2 --prefix=/usr --with-gcc-major-version-only --program-suffix=-11 --program-prefix=x86_64-linux-gnu- --enable-shared --enable-linker-build-id --libexecdir=/usr/lib --without-included-gettext --enable-threads=posix --libdir=/usr/lib --enable-nls --enable-bootstrap --enable-clocale=gnu --enable-libstdcxx-debug --enable-libstdcxx-time=yes --with-default-libstdcxx-abi=new --enable-gnu-unique-object --disable-vtable-verify --enable-plugin --enable-default-pie --with-system-zlib --enable-libphobos-checking=release --with-target-system-zlib=auto --enable-objc-gc=auto --enable-multiarch --disable-werror --enable-cet --with-arch-32=i686 --with-abi=m64 --with-multilib-list=m32,m64,mx32 --enable-multilib --with-tune=generic --enable-offload-targets=nvptx-none=/build/gcc-11-XeT9lY/gcc-11-11.4.0/debian/tmp-nvptx/usr,amdgcn-amdhsa=/build/gcc-11-XeT9lY/gcc-11-11.4.0/debian/tmp-gcn/usr --without-cuda-driver --enable-checking=release --build=x86_64-linux-gnu --host=x86_64-linux-gnu --target=x86_64-linux-gnu --with-build-config=bootstrap-lto-lean --enable-link-serialization=2
Thread model: posix
Supported LTO compression algorithms: zlib zstd
gcc version 11.4.0 (Ubuntu 11.4.0-1ubuntu1~22.04) 
COLLECT_GCC_OPTIONS='-fopenmp' '-v' '-std=gnu++17' '-o' 'CMakeFiles/cmTC_9028a.dir/OpenMPTryFlag.cpp.o' '-c' '-shared-libgcc' '-mtune=generic' '-march=x86-64' '-pthread' '-dumpdir' 'CMakeFiles/cmTC_9028a.dir/'
 /usr/lib/gcc/x86_64-linux-gnu/11/cc1plus -quiet -v -imultiarch x86_64-linux-gnu -D_GNU_SOURCE -D_REENTRANT /home/samuel/cces-cepid/massccs/build/CMakeFiles/FindOpenMP/OpenMPTryFlag.cpp -quiet -dumpdir CMakeFiles/cmTC_9028a.dir/ -dumpbase OpenMPTryFlag.cpp.cpp -dumpbase-ext .cpp -mtune=generic -march=x86-64 -std=gnu++17 -version -fopenmp -fasynchronous-unwind-tables -fstack-protector-strong -Wformat -Wformat-security -fstack-clash-protection -fcf-protection -o /tmp/cceQjiNO.s
GNU C++17 (Ubuntu 11.4.0-1ubuntu1~22.04) version 11.4.0 (x86_64-linux-gnu)
	compiled by GNU C version 11.4.0, GMP version 6.2.1, MPFR version 4.1.0, MPC version 1.2.1, isl version isl-0.24-GMP

GGC heuristics: --param ggc-min-expand=100 --param ggc-min-heapsize=131072
ignoring duplicate directory "/usr/include/x86_64-linux-gnu/c++/11"
ignoring nonexistent directory "/usr/local/include/x86_64-linux-gnu"
ignoring nonexistent directory "/usr/lib/gcc/x86_64-linux-gnu/11/include-fixed"
ignoring nonexistent directory "/usr/lib/gcc/x86_64-linux-gnu/11/../../../../x86_64-linux-gnu/include"
ignoring duplicate directory "/opt/intel/oneapi/ipp/2021.7.0/include"
#include "..." search starts here:
#include <...> search starts here:
 /opt/intel/oneapi/vpl/2023.0.0/include
 /opt/intel/oneapi/tbb/2021.8.0/env/../include
 /opt/intel/oneapi/mpi/2021.8.0//include
 /opt/intel/oneapi/mkl/2023.0.0/include
 /opt/intel/oneapi/ipp/2021.7.0/include
 /opt/intel/oneapi/ippcp/2021.6.3/include
 /opt/intel/oneapi/dpl/2022.0.0/linux/include
 /opt/intel/oneapi/dpcpp-ct/2023.0.0/include
 /opt/intel/oneapi/dnnl/2023.0.0/cpu_dpcpp_gpu_dpcpp/include
 /opt/intel/oneapi/dev-utilities/2021.8.0/include
 /opt/intel/oneapi/dal/2023.0.0/include
 /opt/intel/oneapi/ccl/2021.8.0/include/cpu_gpu_dpcpp
 /opt/intel/oneapi/clck/2021.7.3/include
 /usr/include/c++/11
 /usr/include/x86_64-linux-gnu/c++/11
 /usr/include/c++/11/backward
 /usr/lib/gcc/x86_64-linux-gnu/11/include
 /usr/local/include
 /usr/include/x86_64-linux-gnu
 /usr/include
End of search list.
GNU C++17 (Ubuntu 11.4.0-1ubuntu1~22.04) version 11.4.0 (x86_64-linux-gnu)
	compiled by GNU C version 11.4.0, GMP version 6.2.1, MPFR version 4.1.0, MPC version 1.2.1, isl version isl-0.24-GMP

GGC heuristics: --param ggc-min-expand=100 --param ggc-min-heapsize=131072
Compiler executable checksum: d591828bb4d392ae8b7b160e5bb0b95f
COLLECT_GCC_OPTIONS='-fopenmp' '-v' '-std=gnu++17' '-o' 'CMakeFiles/cmTC_9028a.dir/OpenMPTryFlag.cpp.o' '-c' '-shared-libgcc' '-mtune=generic' '-march=x86-64' '-pthread' '-dumpdir' 'CMakeFiles/cmTC_9028a.dir/'
 as -v --64 -o CMakeFiles/cmTC_9028a.dir/OpenMPTryFlag.cpp.o /tmp/cceQjiNO.s
GNU assembler version 2.38 (x86_64-linux-gnu) using BFD version (GNU Binutils for Ubuntu) 2.38
COMPILER_PATH=/usr/lib/gcc/x86_64-linux-gnu/11/:/usr/lib/gcc/x86_64-linux-gnu/11/:/usr/lib/gcc/x86_64-linux-gnu/:/usr/lib/gcc/x86_64-linux-gnu/11/:/usr/lib/gcc/x86_64-linux-gnu/
LIBRARY_PATH=/opt/intel/oneapi/vpl/2023.0.0/lib/../lib/:/opt/intel/oneapi/mpi/2021.8.0//libfabric/lib/../lib/:/opt/intel/oneapi/mpi/2021.8.0//lib/../lib/:/opt/intel/oneapi/dnnl/2023.0.0/cpu_dpcpp_gpu_dpcpp/lib/../lib/:/opt/intel/oneapi/compiler/2023.0.0/linux/lib/../lib/:/usr/lib/gcc/x86_64-linux-gnu/11/:/usr/lib/gcc/x86_64-linux-gnu/11/../../../x86_64-linux-gnu/:/usr/lib/gcc/x86_64-linux-gnu/11/../../../../lib/:/lib/x86_64-linux-gnu/:/lib/../lib/:/usr/lib/x86_64-linux-gnu/:/usr/lib/../lib/:/opt/intel/oneapi/vpl/2023.0.0/lib/:/opt/intel/oneapi/tbb/2021.8.0/env/../lib/intel64/gcc4.8/:/opt/intel/oneapi/mpi/2021.8.0//libfabric/lib/:/opt/intel/oneapi/mpi/2021.8.0//lib/release/:/opt/intel/oneapi/mpi/2021.8.0//lib/:/opt/intel/oneapi/mkl/2023.0.0/lib/intel64/:/opt/intel/oneapi/ipp/2021.7.0/lib/intel64/:/opt/intel/oneapi/ippcp/2021.6.3/lib/intel64/:/opt/intel/oneapi/ipp/2021.7.0/lib/intel64/:/opt/intel/oneapi/dnnl/2023.0.0/cpu_dpcpp_gpu_dpcpp/lib/:/opt/intel/oneapi/dal/2023.0.0/lib/intel64/:/opt/intel/oneapi/compiler/2023.0.0/linux/compiler/lib/intel64_lin/:/opt/intel/oneapi/compiler/2023.0.0/linux/lib/:/opt/intel/oneapi/clck/2021.7.3/lib/intel64/:/opt/intel/oneapi/ccl/2021.8.0/lib/cpu_gpu_dpcpp/:/usr/lib/gcc/x86_64-linux-gnu/11/../../../:/lib/:/usr/lib/
COLLECT_GCC_OPTIONS='-fopenmp' '-v' '-std=gnu++17' '-o' 'CMakeFiles/cmTC_9028a.dir/OpenMPTryFlag.cpp.o' '-c' '-shared-libgcc' '-mtune=generic' '-march=x86-64' '-pthread' '-dumpdir' 'CMakeFiles/cmTC_9028a.dir/OpenMPTryFlag.cpp.'
Linking CXX executable cmTC_9028a
/usr/local/bin/cmake -E cmake_link_script CMakeFiles/cmTC_9028a.dir/link.txt --verbose=1
/usr/bin/c++  -fopenmp -v CMakeFiles/cmTC_9028a.dir/OpenMPTryFlag.cpp.o -o cmTC_9028a  -v 
Using built-in specs.
COLLECT_GCC=/usr/bin/c++
COLLECT_LTO_WRAPPER=/usr/lib/gcc/x86_64-linux-gnu/11/lto-wrapper
OFFLOAD_TARGET_NAMES=nvptx-none:amdgcn-amdhsa
OFFLOAD_TARGET_DEFAULT=1
Target: x86_64-linux-gnu
Configured with: ../src/configure -v --with-pkgversion='Ubuntu 11.4.0-1ubuntu1~22.04' --with-bugurl=file:///usr/share/doc/gcc-11/README.Bugs --enable-languages=c,ada,c++,go,brig,d,fortran,objc,obj-c++,m2 --prefix=/usr --with-gcc-major-version-only --program-suffix=-11 --program-prefix=x86_64-linux-gnu- --enable-shared --enable-linker-build-id --libexecdir=/usr/lib --without-included-gettext --enable-threads=posix --libdir=/usr/lib --enable-nls --enable-bootstrap --enable-clocale=gnu --enable-libstdcxx-debug --enable-libstdcxx-time=yes --with-default-libstdcxx-abi=new --enable-gnu-unique-object --disable-vtable-verify --enable-plugin --enable-default-pie --with-system-zlib --enable-libphobos-checking=release --with-target-system-zlib=auto --enable-objc-gc=auto --enable-multiarch --disable-werror --enable-cet --with-arch-32=i686 --with-abi=m64 --with-multilib-list=m32,m64,mx32 --enable-multilib --with-tune=generic --enable-offload-targets=nvptx-none=/build/gcc-11-XeT9lY/gcc-11-11.4.0/debian/tmp-nvptx/usr,amdgcn-amdhsa=/build/gcc-11-XeT9lY/gcc-11-11.4.0/debian/tmp-gcn/usr --without-cuda-driver --enable-checking=release --build=x86_64-linux-gnu --host=x86_64-linux-gnu --target=x86_64-linux-gnu --with-build-config=bootstrap-lto-lean --enable-link-serialization=2
Thread model: posix
Supported LTO compression algorithms: zlib zstd
gcc version 11.4.0 (Ubuntu 11.4.0-1ubuntu1~22.04) 
COMPILER_PATH=/usr/lib/gcc/x86_64-linux-gnu/11/:/usr/lib/gcc/x86_64-linux-gnu/11/:/usr/lib/gcc/x86_64-linux-gnu/:/usr/lib/gcc/x86_64-linux-gnu/11/:/usr/lib/gcc/x86_64-linux-gnu/
LIBRARY_PATH=/opt/intel/oneapi/vpl/2023.0.0/lib/../lib/:/opt/intel/oneapi/mpi/2021.8.0//libfabric/lib/../lib/:/opt/intel/oneapi/mpi/2021.8.0//lib/../lib/:/opt/intel/oneapi/dnnl/2023.0.0/cpu_dpcpp_gpu_dpcpp/lib/../lib/:/opt/intel/oneapi/compiler/2023.0.0/linux/lib/../lib/:/usr/lib/gcc/x86_64-linux-gnu/11/:/usr/lib/gcc/x86_64-linux-gnu/11/../../../x86_64-linux-gnu/:/usr/lib/gcc/x86_64-linux-gnu/11/../../../../lib/:/lib/x86_64-linux-gnu/:/lib/../lib/:/usr/lib/x86_64-linux-gnu/:/usr/lib/../lib/:/opt/intel/oneapi/vpl/2023.0.0/lib/:/opt/intel/oneapi/tbb/2021.8.0/env/../lib/intel64/gcc4.8/:/opt/intel/oneapi/mpi/2021.8.0//libfabric/lib/:/opt/intel/oneapi/mpi/2021.8.0//lib/release/:/opt/intel/oneapi/mpi/2021.8.0//lib/:/opt/intel/oneapi/mkl/2023.0.0/lib/intel64/:/opt/intel/oneapi/ipp/2021.7.0/lib/intel64/:/opt/intel/oneapi/ippcp/2021.6.3/lib/intel64/:/opt/intel/oneapi/ipp/2021.7.0/lib/intel64/:/opt/intel/oneapi/dnnl/2023.0.0/cpu_dpcpp_gpu_dpcpp/lib/:/opt/intel/oneapi/dal/2023.0.0/lib/intel64/:/opt/intel/oneapi/compiler/2023.0.0/linux/compiler/lib/intel64_lin/:/opt/intel/oneapi/compiler/2023.0.0/linux/lib/:/opt/intel/oneapi/clck/2021.7.3/lib/intel64/:/opt/intel/oneapi/ccl/2021.8.0/lib/cpu_gpu_dpcpp/:/usr/lib/gcc/x86_64-linux-gnu/11/../../../:/lib/:/usr/lib/
Reading specs from /usr/lib/gcc/x86_64-linux-gnu/11/libgomp.spec
COLLECT_GCC_OPTIONS='-fopenmp' '-v' '-o' 'cmTC_9028a' '-v' '-shared-libgcc' '-mtune=generic' '-march=x86-64' '-pthread' '-dumpdir' 'cmTC_9028a.'
 /usr/lib/gcc/x86_64-linux-gnu/11/collect2 -plugin /usr/lib/gcc/x86_64-linux-gnu/11/liblto_plugin.so -plugin-opt=/usr/lib/gcc/x86_64-linux-gnu/11/lto-wrapper -plugin-opt=-fresolution=/tmp/ccPns9Hw.res -plugin-opt=-pass-through=-lgcc_s -plugin-opt=-pass-through=-lgcc -plugin-opt=-pass-through=-lpthread -plugin-opt=-pass-through=-lc -plugin-opt=-pass-through=-lgcc_s -plugin-opt=-pass-through=-lgcc --build-id --eh-frame-hdr -m elf_x86_64 --hash-style=gnu --as-needed -dynamic-linker /lib64/ld-linux-x86-64.so.2 -pie -z now -z relro -o cmTC_9028a /usr/lib/gcc/x86_64-linux-gnu/11/../../../x86_64-linux-gnu/Scrt1.o /usr/lib/gcc/x86_64-linux-gnu/11/../../../x86_64-linux-gnu/crti.o /usr/lib/gcc/x86_64-linux-gnu/11/crtbeginS.o /usr/lib/gcc/x86_64-linux-gnu/11/crtoffloadbegin.o -L/opt/intel/oneapi/vpl/2023.0.0/lib/../lib -L/opt/intel/oneapi/mpi/2021.8.0//libfabric/lib/../lib -L/opt/intel/oneapi/mpi/2021.8.0//lib/../lib -L/opt/intel/oneapi/dnnl/2023.0.0/cpu_dpcpp_gpu_dpcpp/lib/../lib -L/opt/intel/oneapi/compiler/2023.0.0/linux/lib/../lib -L/usr/lib/gcc/x86_64-linux-gnu/11 -L/usr/lib/gcc/x86_64-linux-gnu/11/../../../x86_64-linux-gnu -L/usr/lib/gcc/x86_64-linux-gnu/11/../../../../lib -L/lib/x86_64-linux-gnu -L/lib/../lib -L/usr/lib/x86_64-linux-gnu -L/usr/lib/../lib -L/opt/intel/oneapi/vpl/2023.0.0/lib -L/opt/intel/oneapi/tbb/2021.8.0/env/../lib/intel64/gcc4.8 -L/opt/intel/oneapi/mpi/2021.8.0//libfabric/lib -L/opt/intel/oneapi/mpi/2021.8.0//lib/release -L/opt/intel/oneapi/mpi/2021.8.0//lib -L/opt/intel/oneapi/mkl/2023.0.0/lib/intel64 -L/opt/intel/oneapi/ipp/2021.7.0/lib/intel64 -L/opt/intel/oneapi/ippcp/2021.6.3/lib/intel64 -L/opt/intel/oneapi/ipp/2021.7.0/lib/intel64 -L/opt/intel/oneapi/dnnl/2023.0.0/cpu_dpcpp_gpu_dpcpp/lib -L/opt/intel/oneapi/dal/2023.0.0/lib/intel64 -L/opt/intel/oneapi/compiler/2023.0.0/linux/compiler/lib/intel64_lin -L/opt/intel/oneapi/compiler/2023.0.0/linux/lib -L/opt/intel/oneapi/clck/2021.7.3/lib/intel64 -L/opt/intel/oneapi/ccl/2021.8.0/lib/cpu_gpu_dpcpp -L/usr/lib/gcc/x86_64-linux-gnu/11/../../.. CMakeFiles/cmTC_9028a.dir/OpenMPTryFlag.cpp.o -lstdc++ -lm -lgomp -lgcc_s -lgcc -lpthread -lc -lgcc_s -lgcc /usr/lib/gcc/x86_64-linux-gnu/11/crtendS.o /usr/lib/gcc/x86_64-linux-gnu/11/../../../x86_64-linux-gnu/crtn.o /usr/lib/gcc/x86_64-linux-gnu/11/crtoffloadend.o
COLLECT_GCC_OPTIONS='-fopenmp' '-v' '-o' 'cmTC_9028a' '-v' '-shared-libgcc' '-mtune=generic' '-march=x86-64' '-pthread' '-dumpdir' 'cmTC_9028a.'
gmake[1]: Leaving directory '/home/samuel/cces-cepid/massccs/build/CMakeFiles/CMakeTmp'



Parsed CXX OpenMP implicit link information from above output:
  link line regex: [^( *|.*[/\])(ld|CMAKE_LINK_STARTFILE-NOTFOUND|([^/\]+-)?ld|collect2)[^/\]*( |$)]
  ignore line: [Change Dir: /home/samuel/cces-cepid/massccs/build/CMakeFiles/CMakeTmp]
  ignore line: []
  ignore line: [Run Build Command(s):/usr/bin/gmake -f Makefile cmTC_9028a/fast && /usr/bin/gmake  -f CMakeFiles/cmTC_9028a.dir/build.make CMakeFiles/cmTC_9028a.dir/build]
  ignore line: [gmake[1]: Entering directory '/home/samuel/cces-cepid/massccs/build/CMakeFiles/CMakeTmp']
  ignore line: [Building CXX object CMakeFiles/cmTC_9028a.dir/OpenMPTryFlag.cpp.o]
  ignore line: [/usr/bin/c++   -fopenmp -v -std=gnu++17 -o CMakeFiles/cmTC_9028a.dir/OpenMPTryFlag.cpp.o -c /home/samuel/cces-cepid/massccs/build/CMakeFiles/FindOpenMP/OpenMPTryFlag.cpp]
  ignore line: [Using built-in specs.]
  ignore line: [COLLECT_GCC=/usr/bin/c++]
  ignore line: [OFFLOAD_TARGET_NAMES=nvptx-none:amdgcn-amdhsa]
  ignore line: [OFFLOAD_TARGET_DEFAULT=1]
  ignore line: [Target: x86_64-linux-gnu]
  ignore line: [Configured with: ../src/configure -v --with-pkgversion='Ubuntu 11.4.0-1ubuntu1~22.04' --with-bugurl=file:///usr/share/doc/gcc-11/README.Bugs --enable-languages=c ada c++ go brig d fortran objc obj-c++ m2 --prefix=/usr --with-gcc-major-version-only --program-suffix=-11 --program-prefix=x86_64-linux-gnu- --enable-shared --enable-linker-build-id --libexecdir=/usr/lib --without-included-gettext --enable-threads=posix --libdir=/usr/lib --enable-nls --enable-bootstrap --enable-clocale=gnu --enable-libstdcxx-debug --enable-libstdcxx-time=yes --with-default-libstdcxx-abi=new --enable-gnu-unique-object --disable-vtable-verify --enable-plugin --enable-default-pie --with-system-zlib --enable-libphobos-checking=release --with-target-system-zlib=auto --enable-objc-gc=auto --enable-multiarch --disable-werror --enable-cet --with-arch-32=i686 --with-abi=m64 --with-multilib-list=m32 m64 mx32 --enable-multilib --with-tune=generic --enable-offload-targets=nvptx-none=/build/gcc-11-XeT9lY/gcc-11-11.4.0/debian/tmp-nvptx/usr amdgcn-amdhsa=/build/gcc-11-XeT9lY/gcc-11-11.4.0/debian/tmp-gcn/usr --without-cuda-driver --enable-checking=release --build=x86_64-linux-gnu --host=x86_64-linux-gnu --target=x86_64-linux-gnu --with-build-config=bootstrap-lto-lean --enable-link-serialization=2]
  ignore line: [Thread model: posix]
  ignore line: [Supported LTO compression algorithms: zlib zstd]
  ignore line: [gcc version 11.4.0 (Ubuntu 11.4.0-1ubuntu1~22.04) ]
  ignore line: [COLLECT_GCC_OPTIONS='-fopenmp' '-v' '-std=gnu++17' '-o' 'CMakeFiles/cmTC_9028a.dir/OpenMPTryFlag.cpp.o' '-c' '-shared-libgcc' '-mtune=generic' '-march=x86-64' '-pthread' '-dumpdir' 'CMakeFiles/cmTC_9028a.dir/']
  ignore line: [ /usr/lib/gcc/x86_64-linux-gnu/11/cc1plus -quiet -v -imultiarch x86_64-linux-gnu -D_GNU_SOURCE -D_REENTRANT /home/samuel/cces-cepid/massccs/build/CMakeFiles/FindOpenMP/OpenMPTryFlag.cpp -quiet -dumpdir CMakeFiles/cmTC_9028a.dir/ -dumpbase OpenMPTryFlag.cpp.cpp -dumpbase-ext .cpp -mtune=generic -march=x86-64 -std=gnu++17 -version -fopenmp -fasynchronous-unwind-tables -fstack-protector-strong -Wformat -Wformat-security -fstack-clash-protection -fcf-protection -o /tmp/cceQjiNO.s]
  ignore line: [GNU C++17 (Ubuntu 11.4.0-1ubuntu1~22.04) version 11.4.0 (x86_64-linux-gnu)]
  ignore line: [	compiled by GNU C version 11.4.0  GMP version 6.2.1  MPFR version 4.1.0  MPC version 1.2.1  isl version isl-0.24-GMP]
  ignore line: []
  ignore line: [GGC heuristics: --param ggc-min-expand=100 --param ggc-min-heapsize=131072]
  ignore line: [ignoring duplicate directory "/usr/include/x86_64-linux-gnu/c++/11"]
  ignore line: [ignoring nonexistent directory "/usr/local/include/x86_64-linux-gnu"]
  ignore line: [ignoring nonexistent directory "/usr/lib/gcc/x86_64-linux-gnu/11/include-fixed"]
  ignore line: [ignoring nonexistent directory "/usr/lib/gcc/x86_64-linux-gnu/11/../../../../x86_64-linux-gnu/include"]
  ignore line: [ignoring duplicate directory "/opt/intel/oneapi/ipp/2021.7.0/include"]
  ignore line: [#include "..." search starts here:]
  ignore line: [#include <...> search starts here:]
  ignore line: [ /opt/intel/oneapi/vpl/2023.0.0/include]
  ignore line: [ /opt/intel/oneapi/tbb/2021.8.0/env/../include]
  ignore line: [ /opt/intel/oneapi/mpi/2021.8.0//include]
  ignore line: [ /opt/intel/oneapi/mkl/2023.0.0/include]
  ignore line: [ /opt/intel/oneapi/ipp/2021.7.0/include]
  ignore line: [ /opt/intel/oneapi/ippcp/2021.6.3/include]
  ignore line: [ /opt/intel/oneapi/dpl/2022.0.0/linux/include]
  ignore line: [ /opt/intel/oneapi/dpcpp-ct/2023.0.0/include]
  ignore line: [ /opt/intel/oneapi/dnnl/2023.0.0/cpu_dpcpp_gpu_dpcpp/include]
  ignore line: [ /opt/intel/oneapi/dev-utilities/2021.8.0/include]
  ignore line: [ /opt/intel/oneapi/dal/2023.0.0/include]
  ignore line: [ /opt/intel/oneapi/ccl/2021.8.0/include/cpu_gpu_dpcpp]
  ignore line: [ /opt/intel/oneapi/clck/2021.7.3/include]
  ignore line: [ /usr/include/c++/11]
  ignore line: [ /usr/include/x86_64-linux-gnu/c++/11]
  ignore line: [ /usr/include/c++/11/backward]
  ignore line: [ /usr/lib/gcc/x86_64-linux-gnu/11/include]
  ignore line: [ /usr/local/include]
  ignore line: [ /usr/include/x86_64-linux-gnu]
  ignore line: [ /usr/include]
  ignore line: [End of search list.]
  ignore line: [GNU C++17 (Ubuntu 11.4.0-1ubuntu1~22.04) version 11.4.0 (x86_64-linux-gnu)]
  ignore line: [	compiled by GNU C version 11.4.0  GMP version 6.2.1  MPFR version 4.1.0  MPC version 1.2.1  isl version isl-0.24-GMP]
  ignore line: []
  ignore line: [GGC heuristics: --param ggc-min-expand=100 --param ggc-min-heapsize=131072]
  ignore line: [Compiler executable checksum: d591828bb4d392ae8b7b160e5bb0b95f]
  ignore line: [COLLECT_GCC_OPTIONS='-fopenmp' '-v' '-std=gnu++17' '-o' 'CMakeFiles/cmTC_9028a.dir/OpenMPTryFlag.cpp.o' '-c' '-shared-libgcc' '-mtune=generic' '-march=x86-64' '-pthread' '-dumpdir' 'CMakeFiles/cmTC_9028a.dir/']
  ignore line: [ as -v --64 -o CMakeFiles/cmTC_9028a.dir/OpenMPTryFlag.cpp.o /tmp/cceQjiNO.s]
  ignore line: [GNU assembler version 2.38 (x86_64-linux-gnu) using BFD version (GNU Binutils for Ubuntu) 2.38]
  ignore line: [COMPILER_PATH=/usr/lib/gcc/x86_64-linux-gnu/11/:/usr/lib/gcc/x86_64-linux-gnu/11/:/usr/lib/gcc/x86_64-linux-gnu/:/usr/lib/gcc/x86_64-linux-gnu/11/:/usr/lib/gcc/x86_64-linux-gnu/]
  ignore line: [LIBRARY_PATH=/opt/intel/oneapi/vpl/2023.0.0/lib/../lib/:/opt/intel/oneapi/mpi/2021.8.0//libfabric/lib/../lib/:/opt/intel/oneapi/mpi/2021.8.0//lib/../lib/:/opt/intel/oneapi/dnnl/2023.0.0/cpu_dpcpp_gpu_dpcpp/lib/../lib/:/opt/intel/oneapi/compiler/2023.0.0/linux/lib/../lib/:/usr/lib/gcc/x86_64-linux-gnu/11/:/usr/lib/gcc/x86_64-linux-gnu/11/../../../x86_64-linux-gnu/:/usr/lib/gcc/x86_64-linux-gnu/11/../../../../lib/:/lib/x86_64-linux-gnu/:/lib/../lib/:/usr/lib/x86_64-linux-gnu/:/usr/lib/../lib/:/opt/intel/oneapi/vpl/2023.0.0/lib/:/opt/intel/oneapi/tbb/2021.8.0/env/../lib/intel64/gcc4.8/:/opt/intel/oneapi/mpi/2021.8.0//libfabric/lib/:/opt/intel/oneapi/mpi/2021.8.0//lib/release/:/opt/intel/oneapi/mpi/2021.8.0//lib/:/opt/intel/oneapi/mkl/2023.0.0/lib/intel64/:/opt/intel/oneapi/ipp/2021.7.0/lib/intel64/:/opt/intel/oneapi/ippcp/2021.6.3/lib/intel64/:/opt/intel/oneapi/ipp/2021.7.0/lib/intel64/:/opt/intel/oneapi/dnnl/2023.0.0/cpu_dpcpp_gpu_dpcpp/lib/:/opt/intel/oneapi/dal/2023.0.0/lib/intel64/:/opt/intel/oneapi/compiler/2023.0.0/linux/compiler/lib/intel64_lin/:/opt/intel/oneapi/compiler/2023.0.0/linux/lib/:/opt/intel/oneapi/clck/2021.7.3/lib/intel64/:/opt/intel/oneapi/ccl/2021.8.0/lib/cpu_gpu_dpcpp/:/usr/lib/gcc/x86_64-linux-gnu/11/../../../:/lib/:/usr/lib/]
  ignore line: [COLLECT_GCC_OPTIONS='-fopenmp' '-v' '-std=gnu++17' '-o' 'CMakeFiles/cmTC_9028a.dir/OpenMPTryFlag.cpp.o' '-c' '-shared-libgcc' '-mtune=generic' '-march=x86-64' '-pthread' '-dumpdir' 'CMakeFiles/cmTC_9028a.dir/OpenMPTryFlag.cpp.']
  ignore line: [Linking CXX executable cmTC_9028a]
  ignore line: [/usr/local/bin/cmake -E cmake_link_script CMakeFiles/cmTC_9028a.dir/link.txt --verbose=1]
  ignore line: [/usr/bin/c++  -fopenmp -v CMakeFiles/cmTC_9028a.dir/OpenMPTryFlag.cpp.o -o cmTC_9028a  -v ]
  ignore line: [Using built-in specs.]
  ignore line: [COLLECT_GCC=/usr/bin/c++]
  ignore line: [COLLECT_LTO_WRAPPER=/usr/lib/gcc/x86_64-linux-gnu/11/lto-wrapper]
  ignore line: [OFFLOAD_TARGET_NAMES=nvptx-none:amdgcn-amdhsa]
  ignore line: [OFFLOAD_TARGET_DEFAULT=1]
  ignore line: [Target: x86_64-linux-gnu]
  ignore line: [Configured with: ../src/configure -v --with-pkgversion='Ubuntu 11.4.0-1ubuntu1~22.04' --with-bugurl=file:///usr/share/doc/gcc-11/README.Bugs --enable-languages=c ada c++ go brig d fortran objc obj-c++ m2 --prefix=/usr --with-gcc-major-version-only --program-suffix=-11 --program-prefix=x86_64-linux-gnu- --enable-shared --enable-linker-build-id --libexecdir=/usr/lib --without-included-gettext --enable-threads=posix --libdir=/usr/lib --enable-nls --enable-bootstrap --enable-clocale=gnu --enable-libstdcxx-debug --enable-libstdcxx-time=yes --with-default-libstdcxx-abi=new --enable-gnu-unique-object --disable-vtable-verify --enable-plugin --enable-default-pie --with-system-zlib --enable-libphobos-checking=release --with-target-system-zlib=auto --enable-objc-gc=auto --enable-multiarch --disable-werror --enable-cet --with-arch-32=i686 --with-abi=m64 --with-multilib-list=m32 m64 mx32 --enable-multilib --with-tune=generic --enable-offload-targets=nvptx-none=/build/gcc-11-XeT9lY/gcc-11-11.4.0/debian/tmp-nvptx/usr amdgcn-amdhsa=/build/gcc-11-XeT9lY/gcc-11-11.4.0/debian/tmp-gcn/usr --without-cuda-driver --enable-checking=release --build=x86_64-linux-gnu --host=x86_64-linux-gnu --target=x86_64-linux-gnu --with-build-config=bootstrap-lto-lean --enable-link-serialization=2]
  ignore line: [Thread model: posix]
  ignore line: [Supported LTO compression algorithms: zlib zstd]
  ignore line: [gcc version 11.4.0 (Ubuntu 11.4.0-1ubuntu1~22.04) ]
  ignore line: [COMPILER_PATH=/usr/lib/gcc/x86_64-linux-gnu/11/:/usr/lib/gcc/x86_64-linux-gnu/11/:/usr/lib/gcc/x86_64-linux-gnu/:/usr/lib/gcc/x86_64-linux-gnu/11/:/usr/lib/gcc/x86_64-linux-gnu/]
  ignore line: [LIBRARY_PATH=/opt/intel/oneapi/vpl/2023.0.0/lib/../lib/:/opt/intel/oneapi/mpi/2021.8.0//libfabric/lib/../lib/:/opt/intel/oneapi/mpi/2021.8.0//lib/../lib/:/opt/intel/oneapi/dnnl/2023.0.0/cpu_dpcpp_gpu_dpcpp/lib/../lib/:/opt/intel/oneapi/compiler/2023.0.0/linux/lib/../lib/:/usr/lib/gcc/x86_64-linux-gnu/11/:/usr/lib/gcc/x86_64-linux-gnu/11/../../../x86_64-linux-gnu/:/usr/lib/gcc/x86_64-linux-gnu/11/../../../../lib/:/lib/x86_64-linux-gnu/:/lib/../lib/:/usr/lib/x86_64-linux-gnu/:/usr/lib/../lib/:/opt/intel/oneapi/vpl/2023.0.0/lib/:/opt/intel/oneapi/tbb/2021.8.0/env/../lib/intel64/gcc4.8/:/opt/intel/oneapi/mpi/2021.8.0//libfabric/lib/:/opt/intel/oneapi/mpi/2021.8.0//lib/release/:/opt/intel/oneapi/mpi/2021.8.0//lib/:/opt/intel/oneapi/mkl/2023.0.0/lib/intel64/:/opt/intel/oneapi/ipp/2021.7.0/lib/intel64/:/opt/intel/oneapi/ippcp/2021.6.3/lib/intel64/:/opt/intel/oneapi/ipp/2021.7.0/lib/intel64/:/opt/intel/oneapi/dnnl/2023.0.0/cpu_dpcpp_gpu_dpcpp/lib/:/opt/intel/oneapi/dal/2023.0.0/lib/intel64/:/opt/intel/oneapi/compiler/2023.0.0/linux/compiler/lib/intel64_lin/:/opt/intel/oneapi/compiler/2023.0.0/linux/lib/:/opt/intel/oneapi/clck/2021.7.3/lib/intel64/:/opt/intel/oneapi/ccl/2021.8.0/lib/cpu_gpu_dpcpp/:/usr/lib/gcc/x86_64-linux-gnu/11/../../../:/lib/:/usr/lib/]
  ignore line: [Reading specs from /usr/lib/gcc/x86_64-linux-gnu/11/libgomp.spec]
  ignore line: [COLLECT_GCC_OPTIONS='-fopenmp' '-v' '-o' 'cmTC_9028a' '-v' '-shared-libgcc' '-mtune=generic' '-march=x86-64' '-pthread' '-dumpdir' 'cmTC_9028a.']
  link line: [ /usr/lib/gcc/x86_64-linux-gnu/11/collect2 -plugin /usr/lib/gcc/x86_64-linux-gnu/11/liblto_plugin.so -plugin-opt=/usr/lib/gcc/x86_64-linux-gnu/11/lto-wrapper -plugin-opt=-fresolution=/tmp/ccPns9Hw.res -plugin-opt=-pass-through=-lgcc_s -plugin-opt=-pass-through=-lgcc -plugin-opt=-pass-through=-lpthread -plugin-opt=-pass-through=-lc -plugin-opt=-pass-through=-lgcc_s -plugin-opt=-pass-through=-lgcc --build-id --eh-frame-hdr -m elf_x86_64 --hash-style=gnu --as-needed -dynamic-linker /lib64/ld-linux-x86-64.so.2 -pie -z now -z relro -o cmTC_9028a /usr/lib/gcc/x86_64-linux-gnu/11/../../../x86_64-linux-gnu/Scrt1.o /usr/lib/gcc/x86_64-linux-gnu/11/../../../x86_64-linux-gnu/crti.o /usr/lib/gcc/x86_64-linux-gnu/11/crtbeginS.o /usr/lib/gcc/x86_64-linux-gnu/11/crtoffloadbegin.o -L/opt/intel/oneapi/vpl/2023.0.0/lib/../lib -L/opt/intel/oneapi/mpi/2021.8.0//libfabric/lib/../lib -L/opt/intel/oneapi/mpi/2021.8.0//lib/../lib -L/opt/intel/oneapi/dnnl/2023.0.0/cpu_dpcpp_gpu_dpcpp/lib/../lib -L/opt/intel/oneapi/compiler/2023.0.0/linux/lib/../lib -L/usr/lib/gcc/x86_64-linux-gnu/11 -L/usr/lib/gcc/x86_64-linux-gnu/11/../../../x86_64-linux-gnu -L/usr/lib/gcc/x86_64-linux-gnu/11/../../../../lib -L/lib/x86_64-linux-gnu -L/lib/../lib -L/usr/lib/x86_64-linux-gnu -L/usr/lib/../lib -L/opt/intel/oneapi/vpl/2023.0.0/lib -L/opt/intel/oneapi/tbb/2021.8.0/env/../lib/intel64/gcc4.8 -L/opt/intel/oneapi/mpi/2021.8.0//libfabric/lib -L/opt/intel/oneapi/mpi/2021.8.0//lib/release -L/opt/intel/oneapi/mpi/2021.8.0//lib -L/opt/intel/oneapi/mkl/2023.0.0/lib/intel64 -L/opt/intel/oneapi/ipp/2021.7.0/lib/intel64 -L/opt/intel/oneapi/ippcp/2021.6.3/lib/intel64 -L/opt/intel/oneapi/ipp/2021.7.0/lib/intel64 -L/opt/intel/oneapi/dnnl/2023.0.0/cpu_dpcpp_gpu_dpcpp/lib -L/opt/intel/oneapi/dal/2023.0.0/lib/intel64 -L/opt/intel/oneapi/compiler/2023.0.0/linux/compiler/lib/intel64_lin -L/opt/intel/oneapi/compiler/2023.0.0/linux/lib -L/opt/intel/oneapi/clck/2021.7.3/lib/intel64 -L/opt/intel/oneapi/ccl/2021.8.0/lib/cpu_gpu_dpcpp -L/usr/lib/gcc/x86_64-linux-gnu/11/../../.. CMakeFiles/cmTC_9028a.dir/OpenMPTryFlag.cpp.o -lstdc++ -lm -lgomp -lgcc_s -lgcc -lpthread -lc -lgcc_s -lgcc /usr/lib/gcc/x86_64-linux-gnu/11/crtendS.o /usr/lib/gcc/x86_64-linux-gnu/11/../../../x86_64-linux-gnu/crtn.o /usr/lib/gcc/x86_64-linux-gnu/11/crtoffloadend.o]
    arg [/usr/lib/gcc/x86_64-linux-gnu/11/collect2] ==> ignore
    arg [-plugin] ==> ignore
    arg [/usr/lib/gcc/x86_64-linux-gnu/11/liblto_plugin.so] ==> ignore
    arg [-plugin-opt=/usr/lib/gcc/x86_64-linux-gnu/11/lto-wrapper] ==> ignore
    arg [-plugin-opt=-fresolution=/tmp/ccPns9Hw.res] ==> ignore
    arg [-plugin-opt=-pass-through=-lgcc_s] ==> ignore
    arg [-plugin-opt=-pass-through=-lgcc] ==> ignore
    arg [-plugin-opt=-pass-through=-lpthread] ==> ignore
    arg [-plugin-opt=-pass-through=-lc] ==> ignore
    arg [-plugin-opt=-pass-through=-lgcc_s] ==> ignore
    arg [-plugin-opt=-pass-through=-lgcc] ==> ignore
    arg [--build-id] ==> ignore
    arg [--eh-frame-hdr] ==> ignore
    arg [-m] ==> ignore
    arg [elf_x86_64] ==> ignore
    arg [--hash-style=gnu] ==> ignore
    arg [--as-needed] ==> ignore
    arg [-dynamic-linker] ==> ignore
    arg [/lib64/ld-linux-x86-64.so.2] ==> ignore
    arg [-pie] ==> ignore
    arg [-znow] ==> ignore
    arg [-zrelro] ==> ignore
    arg [-o] ==> ignore
    arg [cmTC_9028a] ==> ignore
    arg [/usr/lib/gcc/x86_64-linux-gnu/11/../../../x86_64-linux-gnu/Scrt1.o] ==> ignore
    arg [/usr/lib/gcc/x86_64-linux-gnu/11/../../../x86_64-linux-gnu/crti.o] ==> ignore
    arg [/usr/lib/gcc/x86_64-linux-gnu/11/crtbeginS.o] ==> ignore
    arg [/usr/lib/gcc/x86_64-linux-gnu/11/crtoffloadbegin.o] ==> ignore
    arg [-L/opt/intel/oneapi/vpl/2023.0.0/lib/../lib] ==> dir [/opt/intel/oneapi/vpl/2023.0.0/lib/../lib]
    arg [-L/opt/intel/oneapi/mpi/2021.8.0//libfabric/lib/../lib] ==> dir [/opt/intel/oneapi/mpi/2021.8.0//libfabric/lib/../lib]
    arg [-L/opt/intel/oneapi/mpi/2021.8.0//lib/../lib] ==> dir [/opt/intel/oneapi/mpi/2021.8.0//lib/../lib]
    arg [-L/opt/intel/oneapi/dnnl/2023.0.0/cpu_dpcpp_gpu_dpcpp/lib/../lib] ==> dir [/opt/intel/oneapi/dnnl/2023.0.0/cpu_dpcpp_gpu_dpcpp/lib/../lib]
    arg [-L/opt/intel/oneapi/compiler/2023.0.0/linux/lib/../lib] ==> dir [/opt/intel/oneapi/compiler/2023.0.0/linux/lib/../lib]
    arg [-L/usr/lib/gcc/x86_64-linux-gnu/11] ==> dir [/usr/lib/gcc/x86_64-linux-gnu/11]
    arg [-L/usr/lib/gcc/x86_64-linux-gnu/11/../../../x86_64-linux-gnu] ==> dir [/usr/lib/gcc/x86_64-linux-gnu/11/../../../x86_64-linux-gnu]
    arg [-L/usr/lib/gcc/x86_64-linux-gnu/11/../../../../lib] ==> dir [/usr/lib/gcc/x86_64-linux-gnu/11/../../../../lib]
    arg [-L/lib/x86_64-linux-gnu] ==> dir [/lib/x86_64-linux-gnu]
    arg [-L/lib/../lib] ==> dir [/lib/../lib]
    arg [-L/usr/lib/x86_64-linux-gnu] ==> dir [/usr/lib/x86_64-linux-gnu]
    arg [-L/usr/lib/../lib] ==> dir [/usr/lib/../lib]
    arg [-L/opt/intel/oneapi/vpl/2023.0.0/lib] ==> dir [/opt/intel/oneapi/vpl/2023.0.0/lib]
    arg [-L/opt/intel/oneapi/tbb/2021.8.0/env/../lib/intel64/gcc4.8] ==> dir [/opt/intel/oneapi/tbb/2021.8.0/env/../lib/intel64/gcc4.8]
    arg [-L/opt/intel/oneapi/mpi/2021.8.0//libfabric/lib] ==> dir [/opt/intel/oneapi/mpi/2021.8.0//libfabric/lib]
    arg [-L/opt/intel/oneapi/mpi/2021.8.0//lib/release] ==> dir [/opt/intel/oneapi/mpi/2021.8.0//lib/release]
    arg [-L/opt/intel/oneapi/mpi/2021.8.0//lib] ==> dir [/opt/intel/oneapi/mpi/2021.8.0//lib]
    arg [-L/opt/intel/oneapi/mkl/2023.0.0/lib/intel64] ==> dir [/opt/intel/oneapi/mkl/2023.0.0/lib/intel64]
    arg [-L/opt/intel/oneapi/ipp/2021.7.0/lib/intel64] ==> dir [/opt/intel/oneapi/ipp/2021.7.0/lib/intel64]
    arg [-L/opt/intel/oneapi/ippcp/2021.6.3/lib/intel64] ==> dir [/opt/intel/oneapi/ippcp/2021.6.3/lib/intel64]
    arg [-L/opt/intel/oneapi/ipp/2021.7.0/lib/intel64] ==> dir [/opt/intel/oneapi/ipp/2021.7.0/lib/intel64]
    arg [-L/opt/intel/oneapi/dnnl/2023.0.0/cpu_dpcpp_gpu_dpcpp/lib] ==> dir [/opt/intel/oneapi/dnnl/2023.0.0/cpu_dpcpp_gpu_dpcpp/lib]
    arg [-L/opt/intel/oneapi/dal/2023.0.0/lib/intel64] ==> dir [/opt/intel/oneapi/dal/2023.0.0/lib/intel64]
    arg [-L/opt/intel/oneapi/compiler/2023.0.0/linux/compiler/lib/intel64_lin] ==> dir [/opt/intel/oneapi/compiler/2023.0.0/linux/compiler/lib/intel64_lin]
    arg [-L/opt/intel/oneapi/compiler/2023.0.0/linux/lib] ==> dir [/opt/intel/oneapi/compiler/2023.0.0/linux/lib]
    arg [-L/opt/intel/oneapi/clck/2021.7.3/lib/intel64] ==> dir [/opt/intel/oneapi/clck/2021.7.3/lib/intel64]
    arg [-L/opt/intel/oneapi/ccl/2021.8.0/lib/cpu_gpu_dpcpp] ==> dir [/opt/intel/oneapi/ccl/2021.8.0/lib/cpu_gpu_dpcpp]
    arg [-L/usr/lib/gcc/x86_64-linux-gnu/11/../../..] ==> dir [/usr/lib/gcc/x86_64-linux-gnu/11/../../..]
    arg [CMakeFiles/cmTC_9028a.dir/OpenMPTryFlag.cpp.o] ==> ignore
    arg [-lstdc++] ==> lib [stdc++]
    arg [-lm] ==> lib [m]
    arg [-lgomp] ==> lib [gomp]
    arg [-lgcc_s] ==> lib [gcc_s]
    arg [-lgcc] ==> lib [gcc]
    arg [-lpthread] ==> lib [pthread]
    arg [-lc] ==> lib [c]
    arg [-lgcc_s] ==> lib [gcc_s]
    arg [-lgcc] ==> lib [gcc]
    arg [/usr/lib/gcc/x86_64-linux-gnu/11/crtendS.o] ==> ignore
    arg [/usr/lib/gcc/x86_64-linux-gnu/11/../../../x86_64-linux-gnu/crtn.o] ==> ignore
    arg [/usr/lib/gcc/x86_64-linux-gnu/11/crtoffloadend.o] ==> ignore
  collapse library dir [/opt/intel/oneapi/vpl/2023.0.0/lib/../lib] ==> [/opt/intel/oneapi/vpl/2023.0.0/lib]
  collapse library dir [/opt/intel/oneapi/mpi/2021.8.0//libfabric/lib/../lib] ==> [/opt/intel/oneapi/mpi/2021.8.0/libfabric/lib]
  collapse library dir [/opt/intel/oneapi/mpi/2021.8.0//lib/../lib] ==> [/opt/intel/oneapi/mpi/2021.8.0/lib]
  collapse library dir [/opt/intel/oneapi/dnnl/2023.0.0/cpu_dpcpp_gpu_dpcpp/lib/../lib] ==> [/opt/intel/oneapi/dnnl/2023.0.0/cpu_dpcpp_gpu_dpcpp/lib]
  collapse library dir [/opt/intel/oneapi/compiler/2023.0.0/linux/lib/../lib] ==> [/opt/intel/oneapi/compiler/2023.0.0/linux/lib]
  collapse library dir [/usr/lib/gcc/x86_64-linux-gnu/11] ==> [/usr/lib/gcc/x86_64-linux-gnu/11]
  collapse library dir [/usr/lib/gcc/x86_64-linux-gnu/11/../../../x86_64-linux-gnu] ==> [/usr/lib/x86_64-linux-gnu]
  collapse library dir [/usr/lib/gcc/x86_64-linux-gnu/11/../../../../lib] ==> [/usr/lib]
  collapse library dir [/lib/x86_64-linux-gnu] ==> [/lib/x86_64-linux-gnu]
  collapse library dir [/lib/../lib] ==> [/lib]
  collapse library dir [/usr/lib/x86_64-linux-gnu] ==> [/usr/lib/x86_64-linux-gnu]
  collapse library dir [/usr/lib/../lib] ==> [/usr/lib]
  collapse library dir [/opt/intel/oneapi/vpl/2023.0.0/lib] ==> [/opt/intel/oneapi/vpl/2023.0.0/lib]
  collapse library dir [/opt/intel/oneapi/tbb/2021.8.0/env/../lib/intel64/gcc4.8] ==> [/opt/intel/oneapi/tbb/2021.8.0/lib/intel64/gcc4.8]
  collapse library dir [/opt/intel/oneapi/mpi/2021.8.0//libfabric/lib] ==> [/opt/intel/oneapi/mpi/2021.8.0/libfabric/lib]
  collapse library dir [/opt/intel/oneapi/mpi/2021.8.0//lib/release] ==> [/opt/intel/oneapi/mpi/2021.8.0/lib/release]
  collapse library dir [/opt/intel/oneapi/mpi/2021.8.0//lib] ==> [/opt/intel/oneapi/mpi/2021.8.0/lib]
  collapse library dir [/opt/intel/oneapi/mkl/2023.0.0/lib/intel64] ==> [/opt/intel/oneapi/mkl/2023.0.0/lib/intel64]
  collapse library dir [/opt/intel/oneapi/ipp/2021.7.0/lib/intel64] ==> [/opt/intel/oneapi/ipp/2021.7.0/lib/intel64]
  collapse library dir [/opt/intel/oneapi/ippcp/2021.6.3/lib/intel64] ==> [/opt/intel/oneapi/ippcp/2021.6.3/lib/intel64]
  collapse library dir [/opt/intel/oneapi/ipp/2021.7.0/lib/intel64] ==> [/opt/intel/oneapi/ipp/2021.7.0/lib/intel64]
  collapse library dir [/opt/intel/oneapi/dnnl/2023.0.0/cpu_dpcpp_gpu_dpcpp/lib] ==> [/opt/intel/oneapi/dnnl/2023.0.0/cpu_dpcpp_gpu_dpcpp/lib]
  collapse library dir [/opt/intel/oneapi/dal/2023.0.0/lib/intel64] ==> [/opt/intel/oneapi/dal/2023.0.0/lib/intel64]
  collapse library dir [/opt/intel/oneapi/compiler/2023.0.0/linux/compiler/lib/intel64_lin] ==> [/opt/intel/oneapi/compiler/2023.0.0/linux/compiler/lib/intel64_lin]
  collapse library dir [/opt/intel/oneapi/compiler/2023.0.0/linux/lib] ==> [/opt/intel/oneapi/compiler/2023.0.0/linux/lib]
  collapse library dir [/opt/intel/oneapi/clck/2021.7.3/lib/intel64] ==> [/opt/intel/oneapi/clck/2021.7.3/lib/intel64]
  collapse library dir [/opt/intel/oneapi/ccl/2021.8.0/lib/cpu_gpu_dpcpp] ==> [/opt/intel/oneapi/ccl/2021.8.0/lib/cpu_gpu_dpcpp]
  collapse library dir [/usr/lib/gcc/x86_64-linux-gnu/11/../../..] ==> [/usr/lib]
  implicit libs: [stdc++;m;gomp;gcc_s;gcc;pthread;c;gcc_s;gcc]
  implicit dirs: [/opt/intel/oneapi/vpl/2023.0.0/lib;/opt/intel/oneapi/mpi/2021.8.0/libfabric/lib;/opt/intel/oneapi/mpi/2021.8.0/lib;/opt/intel/oneapi/dnnl/2023.0.0/cpu_dpcpp_gpu_dpcpp/lib;/opt/intel/oneapi/compiler/2023.0.0/linux/lib;/usr/lib/gcc/x86_64-linux-gnu/11;/usr/lib/x86_64-linux-gnu;/usr/lib;/lib/x86_64-linux-gnu;/lib;/opt/intel/oneapi/tbb/2021.8.0/lib/intel64/gcc4.8;/opt/intel/oneapi/mpi/2021.8.0/lib/release;/opt/intel/oneapi/mkl/2023.0.0/lib/intel64;/opt/intel/oneapi/ipp/2021.7.0/lib/intel64;/opt/intel/oneapi/ippcp/2021.6.3/lib/intel64;/opt/intel/oneapi/dal/2023.0.0/lib/intel64;/opt/intel/oneapi/compiler/2023.0.0/linux/compiler/lib/intel64_lin;/opt/intel/oneapi/clck/2021.7.3/lib/intel64;/opt/intel/oneapi/ccl/2021.8.0/lib/cpu_gpu_dpcpp]
  implicit fwks: []


Performing C++ SOURCE FILE Test COMPILER_SUPPORTS_MARCH_NATIVE succeeded with the following output:
Change Dir: /home/samuel/cces-cepid/massccs/build/CMakeFiles/CMakeTmp

Run Build Command(s):/usr/bin/gmake -f Makefile cmTC_8b0fb/fast && /usr/bin/gmake  -f CMakeFiles/cmTC_8b0fb.dir/build.make CMakeFiles/cmTC_8b0fb.dir/build
gmake[1]: Entering directory '/home/samuel/cces-cepid/massccs/build/CMakeFiles/CMakeTmp'
Building CXX object CMakeFiles/cmTC_8b0fb.dir/src.cxx.o
/usr/bin/c++ -DCOMPILER_SUPPORTS_MARCH_NATIVE  -fopenmp    -march=native -std=gnu++17 -o CMakeFiles/cmTC_8b0fb.dir/src.cxx.o -c /home/samuel/cces-cepid/massccs/build/CMakeFiles/CMakeTmp/src.cxx
Linking CXX executable cmTC_8b0fb
/usr/local/bin/cmake -E cmake_link_script CMakeFiles/cmTC_8b0fb.dir/link.txt --verbose=1
/usr/bin/c++  -fopenmp  CMakeFiles/cmTC_8b0fb.dir/src.cxx.o -o cmTC_8b0fb 
gmake[1]: Leaving directory '/home/samuel/cces-cepid/massccs/build/CMakeFiles/CMakeTmp'


Source file was:
int main() { return 0; }
